{"/Users/celer/Project/hopjs-all/hopjs-wf/test/test.js":{"path":"/Users/celer/Project/hopjs-all/hopjs-wf/test/test.js","s":{"1":1,"2":1,"3":1,"4":1,"5":1,"6":1,"7":1,"8":1,"9":1,"10":1,"11":1,"12":1,"13":1,"14":1,"15":1,"16":1,"17":1,"18":1,"19":1,"20":1,"21":1,"22":1,"23":1,"24":1,"25":1,"26":1,"27":1,"28":1},"b":{},"f":{"1":1,"2":1,"3":1},"fnMap":{"1":{"name":"(anonymous_1)","line":12,"loc":{"start":{"line":12,"column":13},"end":{"line":12,"column":27}}},"2":{"name":"(anonymous_2)","line":39,"loc":{"start":{"line":39,"column":42},"end":{"line":39,"column":57}}},"3":{"name":"(anonymous_3)","line":52,"loc":{"start":{"line":52,"column":17},"end":{"line":52,"column":27}}}},"statementMap":{"1":{"start":{"line":1,"column":0},"end":{"line":1,"column":35}},"2":{"start":{"line":7,"column":0},"end":{"line":7,"column":47}},"3":{"start":{"line":8,"column":0},"end":{"line":8,"column":35}},"4":{"start":{"line":10,"column":0},"end":{"line":10,"column":67}},"5":{"start":{"line":12,"column":0},"end":{"line":14,"column":3}},"6":{"start":{"line":13,"column":2},"end":{"line":13,"column":81}},"7":{"start":{"line":16,"column":0},"end":{"line":16,"column":102}},"8":{"start":{"line":17,"column":0},"end":{"line":17,"column":52}},"9":{"start":{"line":18,"column":0},"end":{"line":18,"column":80}},"10":{"start":{"line":20,"column":0},"end":{"line":20,"column":67}},"11":{"start":{"line":21,"column":0},"end":{"line":21,"column":89}},"12":{"start":{"line":22,"column":0},"end":{"line":22,"column":78}},"13":{"start":{"line":23,"column":0},"end":{"line":23,"column":52}},"14":{"start":{"line":25,"column":0},"end":{"line":25,"column":16}},"15":{"start":{"line":27,"column":0},"end":{"line":27,"column":101}},"16":{"start":{"line":28,"column":0},"end":{"line":28,"column":79}},"17":{"start":{"line":29,"column":0},"end":{"line":29,"column":95}},"18":{"start":{"line":31,"column":0},"end":{"line":31,"column":65}},"19":{"start":{"line":32,"column":0},"end":{"line":32,"column":65}},"20":{"start":{"line":33,"column":0},"end":{"line":33,"column":65}},"21":{"start":{"line":34,"column":0},"end":{"line":34,"column":65}},"22":{"start":{"line":36,"column":0},"end":{"line":36,"column":66}},"23":{"start":{"line":39,"column":0},"end":{"line":41,"column":3}},"24":{"start":{"line":40,"column":2},"end":{"line":40,"column":52}},"25":{"start":{"line":43,"column":0},"end":{"line":43,"column":58}},"26":{"start":{"line":49,"column":0},"end":{"line":49,"column":37}},"27":{"start":{"line":52,"column":0},"end":{"line":54,"column":3}},"28":{"start":{"line":53,"column":2},"end":{"line":53,"column":22}}},"branchMap":{}}}