{"/Users/celer/Project/hopjs-all/hopjs-wf/lib/test2.js":{"path":"/Users/celer/Project/hopjs-all/hopjs-wf/lib/test2.js","s":{"1":1,"2":1,"3":1,"4":1,"5":1,"6":1,"7":1,"8":1,"9":1,"10":1,"11":1,"12":1,"13":1,"14":1,"15":1,"16":1,"17":1,"18":1,"19":1,"20":1,"21":1,"22":1},"b":{},"f":{"1":1,"2":1,"3":1,"4":1,"5":1,"6":1},"fnMap":{"1":{"name":"(anonymous_1)","line":16,"loc":{"start":{"line":16,"column":66},"end":{"line":16,"column":80}}},"2":{"name":"(anonymous_2)","line":20,"loc":{"start":{"line":20,"column":13},"end":{"line":20,"column":27}}},"3":{"name":"(anonymous_3)","line":28,"loc":{"start":{"line":28,"column":33},"end":{"line":28,"column":47}}},"4":{"name":"(anonymous_4)","line":29,"loc":{"start":{"line":29,"column":52},"end":{"line":29,"column":66}}},"5":{"name":"(anonymous_5)","line":31,"loc":{"start":{"line":31,"column":13},"end":{"line":31,"column":27}}},"6":{"name":"(anonymous_6)","line":39,"loc":{"start":{"line":39,"column":17},"end":{"line":39,"column":27}}}},"statementMap":{"1":{"start":{"line":1,"column":0},"end":{"line":1,"column":33}},"2":{"start":{"line":2,"column":0},"end":{"line":2,"column":20}},"3":{"start":{"line":3,"column":0},"end":{"line":3,"column":18}},"4":{"start":{"line":4,"column":0},"end":{"line":4,"column":21}},"5":{"start":{"line":5,"column":0},"end":{"line":5,"column":20}},"6":{"start":{"line":11,"column":0},"end":{"line":11,"column":47}},"7":{"start":{"line":12,"column":0},"end":{"line":12,"column":35}},"8":{"start":{"line":14,"column":0},"end":{"line":14,"column":112}},"9":{"start":{"line":15,"column":0},"end":{"line":15,"column":60}},"10":{"start":{"line":16,"column":0},"end":{"line":18,"column":3}},"11":{"start":{"line":17,"column":2},"end":{"line":17,"column":114}},"12":{"start":{"line":20,"column":0},"end":{"line":22,"column":3}},"13":{"start":{"line":21,"column":2},"end":{"line":21,"column":30}},"14":{"start":{"line":24,"column":0},"end":{"line":24,"column":16}},"15":{"start":{"line":26,"column":0},"end":{"line":26,"column":52}},"16":{"start":{"line":28,"column":0},"end":{"line":34,"column":3}},"17":{"start":{"line":29,"column":2},"end":{"line":33,"column":5}},"18":{"start":{"line":30,"column":4},"end":{"line":30,"column":32}},"19":{"start":{"line":32,"column":4},"end":{"line":32,"column":44}},"20":{"start":{"line":36,"column":0},"end":{"line":36,"column":37}},"21":{"start":{"line":39,"column":0},"end":{"line":41,"column":3}},"22":{"start":{"line":40,"column":2},"end":{"line":40,"column":22}}},"branchMap":{}},"/Users/celer/Project/hopjs-all/hopjs-wf/lib/core.js":{"path":"/Users/celer/Project/hopjs-all/hopjs-wf/lib/core.js","s":{"1":1,"2":1,"3":1,"4":0,"5":1,"6":1,"7":1,"8":1,"9":1,"10":0,"11":1,"12":1,"13":1,"14":1,"15":54,"16":0,"17":0,"18":54,"19":0,"20":0,"21":54,"22":16,"23":48,"24":48,"25":16,"26":38,"27":33,"28":33,"29":0,"30":0,"31":33,"32":5,"33":1,"34":6,"35":6,"36":0,"37":6,"38":4,"39":6,"40":1,"41":0,"42":1,"43":0,"44":1,"45":6,"46":6,"47":1},"b":{"1":[0,1],"2":[0,1],"3":[1,1,0],"4":[0,54],"5":[54,33],"6":[0,0],"7":[0,0],"8":[0,54],"9":[16,38],"10":[33,5],"11":[0,33],"12":[33,0],"13":[0,6],"14":[4,2],"15":[0,1],"16":[0,1]},"f":{"1":1,"2":1,"3":54,"4":0,"5":6},"fnMap":{"1":{"name":"(anonymous_1)","line":10,"loc":{"start":{"line":10,"column":18},"end":{"line":10,"column":41}}},"2":{"name":"(anonymous_2)","line":15,"loc":{"start":{"line":15,"column":20},"end":{"line":15,"column":43}}},"3":{"name":"(anonymous_3)","line":52,"loc":{"start":{"line":52,"column":17},"end":{"line":52,"column":59}}},"4":{"name":"(anonymous_4)","line":60,"loc":{"start":{"line":60,"column":22},"end":{"line":60,"column":36}}},"5":{"name":"(anonymous_5)","line":81,"loc":{"start":{"line":81,"column":14},"end":{"line":81,"column":36}}}},"statementMap":{"1":{"start":{"line":2,"column":0},"end":{"line":2,"column":12}},"2":{"start":{"line":10,"column":0},"end":{"line":52,"column":0}},"3":{"start":{"line":11,"column":4},"end":{"line":11,"column":40}},"4":{"start":{"line":11,"column":25},"end":{"line":11,"column":40}},"5":{"start":{"line":13,"column":4},"end":{"line":13,"column":51}},"6":{"start":{"line":15,"column":4},"end":{"line":26,"column":4}},"7":{"start":{"line":16,"column":6},"end":{"line":23,"column":7}},"8":{"start":{"line":17,"column":8},"end":{"line":17,"column":37}},"9":{"start":{"line":18,"column":8},"end":{"line":22,"column":9}},"10":{"start":{"line":19,"column":10},"end":{"line":19,"column":55}},"11":{"start":{"line":21,"column":10},"end":{"line":21,"column":31}},"12":{"start":{"line":26,"column":4},"end":{"line":26,"column":30}},"13":{"start":{"line":27,"column":4},"end":{"line":27,"column":18}},"14":{"start":{"line":52,"column":0},"end":{"line":81,"column":0}},"15":{"start":{"line":53,"column":2},"end":{"line":57,"column":3}},"16":{"start":{"line":54,"column":4},"end":{"line":56,"column":5}},"17":{"start":{"line":55,"column":6},"end":{"line":55,"column":37}},"18":{"start":{"line":59,"column":2},"end":{"line":78,"column":23}},"19":{"start":{"line":60,"column":4},"end":{"line":62,"column":7}},"20":{"start":{"line":61,"column":6},"end":{"line":61,"column":44}},"21":{"start":{"line":63,"column":9},"end":{"line":78,"column":23}},"22":{"start":{"line":64,"column":4},"end":{"line":67,"column":5}},"23":{"start":{"line":65,"column":6},"end":{"line":65,"column":34}},"24":{"start":{"line":66,"column":6},"end":{"line":66,"column":54}},"25":{"start":{"line":68,"column":4},"end":{"line":68,"column":18}},"26":{"start":{"line":69,"column":9},"end":{"line":78,"column":23}},"27":{"start":{"line":70,"column":6},"end":{"line":70,"column":42}},"28":{"start":{"line":71,"column":6},"end":{"line":77,"column":7}},"29":{"start":{"line":72,"column":8},"end":{"line":74,"column":9}},"30":{"start":{"line":73,"column":10},"end":{"line":73,"column":28}},"31":{"start":{"line":76,"column":10},"end":{"line":76,"column":24}},"32":{"start":{"line":78,"column":9},"end":{"line":78,"column":23}},"33":{"start":{"line":81,"column":0},"end":{"line":98,"column":0}},"34":{"start":{"line":82,"column":2},"end":{"line":82,"column":20}},"35":{"start":{"line":84,"column":2},"end":{"line":85,"column":45}},"36":{"start":{"line":85,"column":4},"end":{"line":85,"column":45}},"37":{"start":{"line":87,"column":2},"end":{"line":87,"column":59}},"38":{"start":{"line":87,"column":28},"end":{"line":87,"column":57}},"39":{"start":{"line":88,"column":2},"end":{"line":92,"column":3}},"40":{"start":{"line":89,"column":4},"end":{"line":89,"column":61}},"41":{"start":{"line":89,"column":30},"end":{"line":89,"column":59}},"42":{"start":{"line":90,"column":4},"end":{"line":90,"column":73}},"43":{"start":{"line":90,"column":34},"end":{"line":90,"column":71}},"44":{"start":{"line":91,"column":4},"end":{"line":91,"column":41}},"45":{"start":{"line":93,"column":2},"end":{"line":93,"column":43}},"46":{"start":{"line":94,"column":2},"end":{"line":94,"column":13}},"47":{"start":{"line":98,"column":0},"end":{"line":98,"column":24}}},"branchMap":{"1":{"line":11,"type":"if","locations":[{"start":{"line":11,"column":4},"end":{"line":11,"column":4}},{"start":{"line":11,"column":4},"end":{"line":11,"column":4}}]},"2":{"line":18,"type":"if","locations":[{"start":{"line":18,"column":8},"end":{"line":18,"column":8}},{"start":{"line":18,"column":8},"end":{"line":18,"column":8}}]},"3":{"line":18,"type":"binary-expr","locations":[{"start":{"line":18,"column":11},"end":{"line":18,"column":21}},{"start":{"line":18,"column":25},"end":{"line":18,"column":48}},{"start":{"line":18,"column":52},"end":{"line":18,"column":84}}]},"4":{"line":53,"type":"if","locations":[{"start":{"line":53,"column":2},"end":{"line":53,"column":2}},{"start":{"line":53,"column":2},"end":{"line":53,"column":2}}]},"5":{"line":53,"type":"binary-expr","locations":[{"start":{"line":53,"column":5},"end":{"line":53,"column":28}},{"start":{"line":53,"column":32},"end":{"line":53,"column":55}}]},"6":{"line":54,"type":"if","locations":[{"start":{"line":54,"column":4},"end":{"line":54,"column":4}},{"start":{"line":54,"column":4},"end":{"line":54,"column":4}}]},"7":{"line":54,"type":"binary-expr","locations":[{"start":{"line":54,"column":7},"end":{"line":54,"column":42}},{"start":{"line":54,"column":46},"end":{"line":54,"column":89}}]},"8":{"line":59,"type":"if","locations":[{"start":{"line":59,"column":2},"end":{"line":59,"column":2}},{"start":{"line":59,"column":2},"end":{"line":59,"column":2}}]},"9":{"line":63,"type":"if","locations":[{"start":{"line":63,"column":9},"end":{"line":63,"column":9}},{"start":{"line":63,"column":9},"end":{"line":63,"column":9}}]},"10":{"line":69,"type":"if","locations":[{"start":{"line":69,"column":9},"end":{"line":69,"column":9}},{"start":{"line":69,"column":9},"end":{"line":69,"column":9}}]},"11":{"line":71,"type":"if","locations":[{"start":{"line":71,"column":6},"end":{"line":71,"column":6}},{"start":{"line":71,"column":6},"end":{"line":71,"column":6}}]},"12":{"line":71,"type":"binary-expr","locations":[{"start":{"line":71,"column":9},"end":{"line":71,"column":10}},{"start":{"line":71,"column":14},"end":{"line":71,"column":24}}]},"13":{"line":84,"type":"if","locations":[{"start":{"line":84,"column":2},"end":{"line":84,"column":2}},{"start":{"line":84,"column":2},"end":{"line":84,"column":2}}]},"14":{"line":87,"type":"if","locations":[{"start":{"line":87,"column":2},"end":{"line":87,"column":2}},{"start":{"line":87,"column":2},"end":{"line":87,"column":2}}]},"15":{"line":89,"type":"if","locations":[{"start":{"line":89,"column":4},"end":{"line":89,"column":4}},{"start":{"line":89,"column":4},"end":{"line":89,"column":4}}]},"16":{"line":90,"type":"if","locations":[{"start":{"line":90,"column":4},"end":{"line":90,"column":4}},{"start":{"line":90,"column":4},"end":{"line":90,"column":4}}]}}},"/Users/celer/Project/hopjs-all/hopjs-wf/lib/script.js":{"path":"/Users/celer/Project/hopjs-all/hopjs-wf/lib/script.js","s":{"1":1,"2":1,"3":6,"4":6,"5":6,"6":0,"7":0,"8":0,"9":0,"10":0,"11":0,"12":0,"13":0,"14":1,"15":1,"16":1,"17":1,"18":1,"19":1,"20":1,"21":1,"22":1,"23":8,"24":8,"25":8,"26":1,"27":1,"28":1,"29":1,"30":1,"31":1,"32":1,"33":1,"34":1,"35":0,"36":0,"37":0,"38":1,"39":0,"40":0,"41":0,"42":1,"43":0,"44":0,"45":0,"46":1,"47":0,"48":0,"49":0,"50":1,"51":0},"b":{"1":[6,0],"2":[0,0],"3":[0,0],"4":[0,0]},"f":{"1":6,"2":0,"3":0,"4":1,"5":1,"6":8,"7":1,"8":1,"9":0,"10":0,"11":0,"12":0,"13":0},"fnMap":{"1":{"name":"(anonymous_1)","line":3,"loc":{"start":{"line":3,"column":16},"end":{"line":3,"column":31}}},"2":{"name":"(anonymous_2)","line":11,"loc":{"start":{"line":11,"column":22},"end":{"line":11,"column":36}}},"3":{"name":"(anonymous_3)","line":13,"loc":{"start":{"line":13,"column":36},"end":{"line":13,"column":50}}},"4":{"name":"(anonymous_4)","line":21,"loc":{"start":{"line":21,"column":32},"end":{"line":21,"column":54}}},"5":{"name":"(anonymous_5)","line":27,"loc":{"start":{"line":27,"column":34},"end":{"line":27,"column":68}}},"6":{"name":"(anonymous_6)","line":33,"loc":{"start":{"line":33,"column":29},"end":{"line":33,"column":45}}},"7":{"name":"(anonymous_7)","line":39,"loc":{"start":{"line":39,"column":32},"end":{"line":39,"column":60}}},"8":{"name":"(anonymous_8)","line":46,"loc":{"start":{"line":46,"column":30},"end":{"line":46,"column":43}}},"9":{"name":"(anonymous_9)","line":52,"loc":{"start":{"line":52,"column":30},"end":{"line":52,"column":43}}},"10":{"name":"(anonymous_10)","line":58,"loc":{"start":{"line":58,"column":31},"end":{"line":58,"column":44}}},"11":{"name":"(anonymous_11)","line":64,"loc":{"start":{"line":64,"column":30},"end":{"line":64,"column":43}}},"12":{"name":"(anonymous_12)","line":70,"loc":{"start":{"line":70,"column":33},"end":{"line":70,"column":46}}},"13":{"name":"(anonymous_13)","line":76,"loc":{"start":{"line":76,"column":35},"end":{"line":76,"column":56}}}},"statementMap":{"1":{"start":{"line":1,"column":0},"end":{"line":1,"column":33}},"2":{"start":{"line":3,"column":0},"end":{"line":21,"column":0}},"3":{"start":{"line":4,"column":2},"end":{"line":18,"column":3}},"4":{"start":{"line":5,"column":4},"end":{"line":5,"column":20}},"5":{"start":{"line":6,"column":4},"end":{"line":6,"column":18}},"6":{"start":{"line":7,"column":9},"end":{"line":18,"column":3}},"7":{"start":{"line":8,"column":4},"end":{"line":8,"column":25}},"8":{"start":{"line":9,"column":4},"end":{"line":9,"column":53}},"9":{"start":{"line":10,"column":4},"end":{"line":10,"column":18}},"10":{"start":{"line":11,"column":4},"end":{"line":17,"column":7}},"11":{"start":{"line":12,"column":6},"end":{"line":16,"column":7}},"12":{"start":{"line":13,"column":8},"end":{"line":15,"column":11}},"13":{"start":{"line":14,"column":10},"end":{"line":14,"column":41}},"14":{"start":{"line":21,"column":0},"end":{"line":27,"column":0}},"15":{"start":{"line":22,"column":2},"end":{"line":22,"column":50}},"16":{"start":{"line":23,"column":2},"end":{"line":23,"column":23}},"17":{"start":{"line":24,"column":2},"end":{"line":24,"column":13}},"18":{"start":{"line":27,"column":0},"end":{"line":33,"column":0}},"19":{"start":{"line":28,"column":2},"end":{"line":28,"column":64}},"20":{"start":{"line":29,"column":2},"end":{"line":29,"column":23}},"21":{"start":{"line":30,"column":2},"end":{"line":30,"column":13}},"22":{"start":{"line":33,"column":0},"end":{"line":39,"column":0}},"23":{"start":{"line":34,"column":2},"end":{"line":34,"column":41}},"24":{"start":{"line":35,"column":2},"end":{"line":35,"column":23}},"25":{"start":{"line":36,"column":2},"end":{"line":36,"column":13}},"26":{"start":{"line":39,"column":0},"end":{"line":46,"column":0}},"27":{"start":{"line":40,"column":2},"end":{"line":40,"column":56}},"28":{"start":{"line":41,"column":2},"end":{"line":41,"column":23}},"29":{"start":{"line":42,"column":2},"end":{"line":42,"column":13}},"30":{"start":{"line":46,"column":0},"end":{"line":52,"column":0}},"31":{"start":{"line":47,"column":2},"end":{"line":47,"column":39}},"32":{"start":{"line":48,"column":2},"end":{"line":48,"column":23}},"33":{"start":{"line":49,"column":2},"end":{"line":49,"column":13}},"34":{"start":{"line":52,"column":0},"end":{"line":58,"column":0}},"35":{"start":{"line":53,"column":2},"end":{"line":53,"column":39}},"36":{"start":{"line":54,"column":2},"end":{"line":54,"column":23}},"37":{"start":{"line":55,"column":2},"end":{"line":55,"column":13}},"38":{"start":{"line":58,"column":0},"end":{"line":64,"column":0}},"39":{"start":{"line":59,"column":2},"end":{"line":59,"column":44}},"40":{"start":{"line":60,"column":2},"end":{"line":60,"column":23}},"41":{"start":{"line":61,"column":2},"end":{"line":61,"column":13}},"42":{"start":{"line":64,"column":0},"end":{"line":70,"column":0}},"43":{"start":{"line":65,"column":2},"end":{"line":65,"column":43}},"44":{"start":{"line":66,"column":2},"end":{"line":66,"column":23}},"45":{"start":{"line":67,"column":2},"end":{"line":67,"column":13}},"46":{"start":{"line":70,"column":0},"end":{"line":76,"column":0}},"47":{"start":{"line":71,"column":2},"end":{"line":71,"column":46}},"48":{"start":{"line":72,"column":2},"end":{"line":72,"column":23}},"49":{"start":{"line":73,"column":2},"end":{"line":73,"column":13}},"50":{"start":{"line":76,"column":0},"end":{"line":81,"column":0}},"51":{"start":{"line":77,"column":2},"end":{"line":77,"column":31}}},"branchMap":{"1":{"line":4,"type":"if","locations":[{"start":{"line":4,"column":2},"end":{"line":4,"column":2}},{"start":{"line":4,"column":2},"end":{"line":4,"column":2}}]},"2":{"line":7,"type":"if","locations":[{"start":{"line":7,"column":9},"end":{"line":7,"column":9}},{"start":{"line":7,"column":9},"end":{"line":7,"column":9}}]},"3":{"line":12,"type":"if","locations":[{"start":{"line":12,"column":6},"end":{"line":12,"column":6}},{"start":{"line":12,"column":6},"end":{"line":12,"column":6}}]},"4":{"line":12,"type":"binary-expr","locations":[{"start":{"line":12,"column":9},"end":{"line":12,"column":20}},{"start":{"line":12,"column":24},"end":{"line":12,"column":52}}]}}},"/Users/celer/Project/hopjs-all/hopjs-wf/lib/task.js":{"path":"/Users/celer/Project/hopjs-all/hopjs-wf/lib/task.js","s":{"1":1,"2":1,"3":1,"4":13,"5":13,"6":1,"7":18,"8":18,"9":18,"10":18,"11":18,"12":18,"13":3,"14":3,"15":3,"16":3,"17":3,"18":18,"19":0,"20":0,"21":0,"22":0,"23":0,"24":18,"25":15,"26":1,"27":0,"28":1,"29":19,"30":19,"31":19,"32":19,"33":9,"34":9,"35":9,"36":9,"37":9,"38":9,"39":9,"40":6,"41":0,"42":19,"43":1,"44":5,"45":5,"46":1,"47":0,"48":0,"49":0,"50":0,"51":1,"52":2,"53":2,"54":2,"55":2,"56":1,"57":1,"58":1,"59":1,"60":1,"61":1,"62":0,"63":0,"64":1,"65":4,"66":4,"67":4,"68":4,"69":1,"70":0,"71":1,"72":0,"73":1,"74":1,"75":1,"76":0,"77":1,"78":0,"79":1,"80":0,"81":1,"82":0,"83":1,"84":0,"85":1,"86":0,"87":1,"88":0,"89":1,"90":0,"91":1,"92":0,"93":1,"94":0,"95":1,"96":0,"97":1,"98":0,"99":1,"100":1,"101":1,"102":2,"103":1,"104":1,"105":1,"106":1,"107":1,"108":1,"109":1,"110":1,"111":1,"112":1,"113":1,"114":1,"115":1,"116":1,"117":1,"118":1,"119":1,"120":1,"121":1,"122":1,"123":1,"124":1,"125":1,"126":1,"127":1,"128":1,"129":1,"130":1,"131":1,"132":6,"133":6,"134":6,"135":6,"136":6,"137":6,"138":1,"139":5,"140":5,"141":0,"142":1,"143":0,"144":1,"145":8,"146":8,"147":1,"148":1,"149":1,"150":13,"151":1,"152":13,"153":13,"154":13,"155":13,"156":13,"157":13,"158":0,"159":1,"160":1,"161":1,"162":1,"163":1,"164":1,"165":1,"166":1,"167":1,"168":1,"169":1,"170":1,"171":1,"172":6,"173":5,"174":5,"175":5,"176":5,"177":1,"178":1,"179":1,"180":1,"181":1,"182":1,"183":1,"184":1,"185":1,"186":1,"187":1,"188":1,"189":1,"190":1,"191":1,"192":1,"193":1,"194":0,"195":0,"196":0,"197":0,"198":0,"199":0,"200":0,"201":0,"202":0,"203":0,"204":1,"205":1,"206":1,"207":1,"208":3,"209":2,"210":2,"211":2,"212":2,"213":2,"214":1,"215":1,"216":0,"217":1,"218":1,"219":1,"220":1,"221":1,"222":1,"223":1,"224":1,"225":1,"226":1,"227":0,"228":1,"229":7,"230":1,"231":0,"232":1,"233":0,"234":0,"235":1,"236":1,"237":1,"238":0,"239":0,"240":0,"241":0,"242":0,"243":0,"244":0},"b":{"1":[3,15],"2":[18,14,5,4,14],"3":[3,0],"4":[0,18],"5":[18,14,17,4,1],"6":[0,0],"7":[15,3],"8":[9,10],"9":[9,0],"10":[6,3],"11":[4,0],"12":[1,0],"13":[1,0],"14":[1,0],"15":[1,0],"16":[1,0],"17":[1,0],"18":[6,0],"19":[6,0],"20":[1,5],"21":[13,0],"22":[13,5],"23":[5,1],"24":[1,1],"25":[0,1],"26":[0,0],"27":[1,0],"28":[2,1],"29":[1,0],"30":[0,1],"31":[0,0]},"f":{"1":13,"2":18,"3":18,"4":3,"5":0,"6":0,"7":19,"8":5,"9":0,"10":2,"11":1,"12":0,"13":4,"14":0,"15":0,"16":1,"17":0,"18":0,"19":0,"20":0,"21":0,"22":0,"23":0,"24":0,"25":0,"26":0,"27":0,"28":0,"29":1,"30":2,"31":1,"32":1,"33":1,"34":1,"35":1,"36":1,"37":1,"38":6,"39":6,"40":8,"41":13,"42":13,"43":13,"44":1,"45":1,"46":1,"47":6,"48":5,"49":1,"50":1,"51":1,"52":0,"53":0,"54":3,"55":2,"56":1,"57":1,"58":1,"59":0,"60":0,"61":0},"fnMap":{"1":{"name":"(anonymous_1)","line":4,"loc":{"start":{"line":4,"column":14},"end":{"line":4,"column":29}}},"2":{"name":"(anonymous_2)","line":26,"loc":{"start":{"line":26,"column":28},"end":{"line":26,"column":56}}},"3":{"name":"(anonymous_3)","line":29,"loc":{"start":{"line":29,"column":23},"end":{"line":29,"column":52}}},"4":{"name":"(anonymous_4)","line":35,"loc":{"start":{"line":35,"column":38},"end":{"line":35,"column":48}}},"5":{"name":"(anonymous_5)","line":42,"loc":{"start":{"line":42,"column":36},"end":{"line":42,"column":46}}},"6":{"name":"(anonymous_6)","line":53,"loc":{"start":{"line":53,"column":32},"end":{"line":53,"column":60}}},"7":{"name":"(anonymous_7)","line":57,"loc":{"start":{"line":57,"column":33},"end":{"line":57,"column":61}}},"8":{"name":"(anonymous_8)","line":76,"loc":{"start":{"line":76,"column":29},"end":{"line":76,"column":39}}},"9":{"name":"(anonymous_9)","line":81,"loc":{"start":{"line":81,"column":35},"end":{"line":81,"column":49}}},"10":{"name":"(anonymous_10)","line":88,"loc":{"start":{"line":88,"column":34},"end":{"line":88,"column":48}}},"11":{"name":"(anonymous_11)","line":95,"loc":{"start":{"line":95,"column":32},"end":{"line":95,"column":46}}},"12":{"name":"(anonymous_12)","line":102,"loc":{"start":{"line":102,"column":33},"end":{"line":102,"column":54}}},"13":{"name":"(anonymous_13)","line":107,"loc":{"start":{"line":107,"column":37},"end":{"line":107,"column":51}}},"14":{"name":"(anonymous_14)","line":113,"loc":{"start":{"line":113,"column":38},"end":{"line":113,"column":53}}},"15":{"name":"(anonymous_15)","line":117,"loc":{"start":{"line":117,"column":36},"end":{"line":117,"column":46}}},"16":{"name":"(anonymous_16)","line":121,"loc":{"start":{"line":121,"column":37},"end":{"line":121,"column":47}}},"17":{"name":"(anonymous_17)","line":125,"loc":{"start":{"line":125,"column":39},"end":{"line":125,"column":54}}},"18":{"name":"(anonymous_18)","line":129,"loc":{"start":{"line":129,"column":44},"end":{"line":129,"column":59}}},"19":{"name":"(anonymous_19)","line":133,"loc":{"start":{"line":133,"column":40},"end":{"line":133,"column":50}}},"20":{"name":"(anonymous_20)","line":137,"loc":{"start":{"line":137,"column":38},"end":{"line":137,"column":48}}},"21":{"name":"(anonymous_21)","line":141,"loc":{"start":{"line":141,"column":38},"end":{"line":141,"column":59}}},"22":{"name":"(anonymous_22)","line":145,"loc":{"start":{"line":145,"column":36},"end":{"line":145,"column":59}}},"23":{"name":"(anonymous_23)","line":149,"loc":{"start":{"line":149,"column":43},"end":{"line":149,"column":63}}},"24":{"name":"(anonymous_24)","line":153,"loc":{"start":{"line":153,"column":39},"end":{"line":153,"column":57}}},"25":{"name":"(anonymous_25)","line":157,"loc":{"start":{"line":157,"column":41},"end":{"line":157,"column":66}}},"26":{"name":"(anonymous_26)","line":161,"loc":{"start":{"line":161,"column":46},"end":{"line":161,"column":71}}},"27":{"name":"(anonymous_27)","line":165,"loc":{"start":{"line":165,"column":42},"end":{"line":165,"column":60}}},"28":{"name":"(anonymous_28)","line":169,"loc":{"start":{"line":169,"column":40},"end":{"line":169,"column":58}}},"29":{"name":"(anonymous_29)","line":173,"loc":{"start":{"line":173,"column":39},"end":{"line":173,"column":62}}},"30":{"name":"(anonymous_30)","line":177,"loc":{"start":{"line":177,"column":37},"end":{"line":177,"column":51}}},"31":{"name":"(anonymous_31)","line":181,"loc":{"start":{"line":181,"column":19},"end":{"line":181,"column":33}}},"32":{"name":"(anonymous_32)","line":187,"loc":{"start":{"line":187,"column":31},"end":{"line":187,"column":45}}},"33":{"name":"(anonymous_33)","line":195,"loc":{"start":{"line":195,"column":38},"end":{"line":195,"column":48}}},"34":{"name":"(anonymous_34)","line":199,"loc":{"start":{"line":199,"column":37},"end":{"line":199,"column":65}}},"35":{"name":"(anonymous_35)","line":204,"loc":{"start":{"line":204,"column":20},"end":{"line":204,"column":48}}},"36":{"name":"(anonymous_36)","line":214,"loc":{"start":{"line":214,"column":39},"end":{"line":214,"column":49}}},"37":{"name":"(anonymous_37)","line":218,"loc":{"start":{"line":218,"column":38},"end":{"line":218,"column":66}}},"38":{"name":"(anonymous_38)","line":224,"loc":{"start":{"line":224,"column":16},"end":{"line":224,"column":26}}},"39":{"name":"(anonymous_39)","line":225,"loc":{"start":{"line":225,"column":39},"end":{"line":225,"column":59}}},"40":{"name":"(anonymous_40)","line":245,"loc":{"start":{"line":245,"column":17},"end":{"line":245,"column":33}}},"41":{"name":"(anonymous_41)","line":253,"loc":{"start":{"line":253,"column":36},"end":{"line":253,"column":46}}},"42":{"name":"(anonymous_42)","line":257,"loc":{"start":{"line":257,"column":35},"end":{"line":257,"column":63}}},"43":{"name":"(anonymous_43)","line":262,"loc":{"start":{"line":262,"column":34},"end":{"line":262,"column":54}}},"44":{"name":"(anonymous_44)","line":269,"loc":{"start":{"line":269,"column":20},"end":{"line":269,"column":42}}},"45":{"name":"(anonymous_45)","line":279,"loc":{"start":{"line":279,"column":39},"end":{"line":279,"column":49}}},"46":{"name":"(anonymous_46)","line":283,"loc":{"start":{"line":283,"column":38},"end":{"line":283,"column":66}}},"47":{"name":"(anonymous_47)","line":286,"loc":{"start":{"line":286,"column":15},"end":{"line":286,"column":25}}},"48":{"name":"(anonymous_48)","line":288,"loc":{"start":{"line":288,"column":35},"end":{"line":288,"column":52}}},"49":{"name":"(anonymous_49)","line":300,"loc":{"start":{"line":300,"column":22},"end":{"line":300,"column":56}}},"50":{"name":"(anonymous_50)","line":312,"loc":{"start":{"line":312,"column":41},"end":{"line":312,"column":51}}},"51":{"name":"(anonymous_51)","line":316,"loc":{"start":{"line":316,"column":40},"end":{"line":316,"column":68}}},"52":{"name":"(anonymous_52)","line":325,"loc":{"start":{"line":325,"column":17},"end":{"line":325,"column":27}}},"53":{"name":"(anonymous_53)","line":329,"loc":{"start":{"line":329,"column":37},"end":{"line":329,"column":47}}},"54":{"name":"(anonymous_54)","line":341,"loc":{"start":{"line":341,"column":17},"end":{"line":341,"column":27}}},"55":{"name":"(anonymous_55)","line":345,"loc":{"start":{"line":345,"column":37},"end":{"line":345,"column":47}}},"56":{"name":"(anonymous_56)","line":360,"loc":{"start":{"line":360,"column":18},"end":{"line":360,"column":31}}},"57":{"name":"(anonymous_57)","line":368,"loc":{"start":{"line":368,"column":36},"end":{"line":368,"column":64}}},"58":{"name":"(anonymous_58)","line":371,"loc":{"start":{"line":371,"column":30},"end":{"line":371,"column":47}}},"59":{"name":"(anonymous_59)","line":382,"loc":{"start":{"line":382,"column":18},"end":{"line":382,"column":31}}},"60":{"name":"(anonymous_60)","line":390,"loc":{"start":{"line":390,"column":36},"end":{"line":390,"column":64}}},"61":{"name":"(anonymous_61)","line":398,"loc":{"start":{"line":398,"column":20},"end":{"line":398,"column":40}}}},"statementMap":{"1":{"start":{"line":1,"column":0},"end":{"line":1,"column":33}},"2":{"start":{"line":2,"column":0},"end":{"line":2,"column":19}},"3":{"start":{"line":4,"column":0},"end":{"line":26,"column":0}},"4":{"start":{"line":22,"column":2},"end":{"line":23,"column":2}},"5":{"start":{"line":23,"column":2},"end":{"line":23,"column":14}},"6":{"start":{"line":26,"column":0},"end":{"line":53,"column":0}},"7":{"start":{"line":27,"column":2},"end":{"line":27,"column":28}},"8":{"start":{"line":28,"column":2},"end":{"line":28,"column":16}},"9":{"start":{"line":29,"column":2},"end":{"line":50,"column":5}},"10":{"start":{"line":30,"column":4},"end":{"line":30,"column":53}},"11":{"start":{"line":32,"column":4},"end":{"line":32,"column":16}},"12":{"start":{"line":33,"column":4},"end":{"line":39,"column":5}},"13":{"start":{"line":34,"column":6},"end":{"line":34,"column":14}},"14":{"start":{"line":35,"column":6},"end":{"line":38,"column":9}},"15":{"start":{"line":36,"column":8},"end":{"line":36,"column":16}},"16":{"start":{"line":37,"column":8},"end":{"line":37,"column":60}},"17":{"start":{"line":37,"column":21},"end":{"line":37,"column":60}},"18":{"start":{"line":40,"column":4},"end":{"line":46,"column":5}},"19":{"start":{"line":41,"column":6},"end":{"line":41,"column":14}},"20":{"start":{"line":42,"column":6},"end":{"line":45,"column":9}},"21":{"start":{"line":43,"column":8},"end":{"line":43,"column":16}},"22":{"start":{"line":44,"column":8},"end":{"line":44,"column":60}},"23":{"start":{"line":44,"column":21},"end":{"line":44,"column":60}},"24":{"start":{"line":47,"column":4},"end":{"line":49,"column":5}},"25":{"start":{"line":48,"column":6},"end":{"line":48,"column":45}},"26":{"start":{"line":53,"column":0},"end":{"line":57,"column":0}},"27":{"start":{"line":54,"column":2},"end":{"line":54,"column":62}},"28":{"start":{"line":57,"column":0},"end":{"line":76,"column":0}},"29":{"start":{"line":58,"column":2},"end":{"line":58,"column":16}},"30":{"start":{"line":59,"column":2},"end":{"line":59,"column":17}},"31":{"start":{"line":60,"column":2},"end":{"line":60,"column":18}},"32":{"start":{"line":61,"column":2},"end":{"line":72,"column":3}},"33":{"start":{"line":62,"column":4},"end":{"line":71,"column":5}},"34":{"start":{"line":63,"column":6},"end":{"line":63,"column":36}},"35":{"start":{"line":64,"column":6},"end":{"line":70,"column":71}},"36":{"start":{"line":65,"column":8},"end":{"line":65,"column":69}},"37":{"start":{"line":66,"column":8},"end":{"line":66,"column":22}},"38":{"start":{"line":67,"column":8},"end":{"line":67,"column":26}},"39":{"start":{"line":68,"column":8},"end":{"line":69,"column":23}},"40":{"start":{"line":69,"column":10},"end":{"line":69,"column":23}},"41":{"start":{"line":70,"column":13},"end":{"line":70,"column":71}},"42":{"start":{"line":73,"column":2},"end":{"line":74,"column":0}},"43":{"start":{"line":76,"column":0},"end":{"line":81,"column":0}},"44":{"start":{"line":77,"column":2},"end":{"line":77,"column":55}},"45":{"start":{"line":78,"column":2},"end":{"line":78,"column":14}},"46":{"start":{"line":81,"column":0},"end":{"line":88,"column":0}},"47":{"start":{"line":82,"column":2},"end":{"line":82,"column":45}},"48":{"start":{"line":83,"column":2},"end":{"line":83,"column":11}},"49":{"start":{"line":84,"column":2},"end":{"line":84,"column":26}},"50":{"start":{"line":85,"column":2},"end":{"line":85,"column":14}},"51":{"start":{"line":88,"column":0},"end":{"line":95,"column":0}},"52":{"start":{"line":89,"column":2},"end":{"line":89,"column":44}},"53":{"start":{"line":90,"column":2},"end":{"line":90,"column":11}},"54":{"start":{"line":91,"column":2},"end":{"line":91,"column":25}},"55":{"start":{"line":92,"column":2},"end":{"line":92,"column":14}},"56":{"start":{"line":95,"column":0},"end":{"line":102,"column":0}},"57":{"start":{"line":96,"column":2},"end":{"line":96,"column":42}},"58":{"start":{"line":97,"column":2},"end":{"line":97,"column":11}},"59":{"start":{"line":98,"column":2},"end":{"line":98,"column":23}},"60":{"start":{"line":99,"column":2},"end":{"line":99,"column":14}},"61":{"start":{"line":102,"column":0},"end":{"line":107,"column":0}},"62":{"start":{"line":103,"column":2},"end":{"line":103,"column":36}},"63":{"start":{"line":104,"column":2},"end":{"line":104,"column":14}},"64":{"start":{"line":107,"column":0},"end":{"line":113,"column":0}},"65":{"start":{"line":108,"column":2},"end":{"line":108,"column":42}},"66":{"start":{"line":108,"column":23},"end":{"line":108,"column":42}},"67":{"start":{"line":109,"column":2},"end":{"line":109,"column":29}},"68":{"start":{"line":110,"column":2},"end":{"line":110,"column":14}},"69":{"start":{"line":113,"column":0},"end":{"line":117,"column":0}},"70":{"start":{"line":114,"column":2},"end":{"line":114,"column":67}},"71":{"start":{"line":117,"column":0},"end":{"line":121,"column":0}},"72":{"start":{"line":118,"column":2},"end":{"line":118,"column":49}},"73":{"start":{"line":121,"column":0},"end":{"line":125,"column":0}},"74":{"start":{"line":122,"column":2},"end":{"line":122,"column":50}},"75":{"start":{"line":125,"column":0},"end":{"line":129,"column":0}},"76":{"start":{"line":126,"column":2},"end":{"line":126,"column":67}},"77":{"start":{"line":129,"column":0},"end":{"line":133,"column":0}},"78":{"start":{"line":130,"column":2},"end":{"line":130,"column":72}},"79":{"start":{"line":133,"column":0},"end":{"line":137,"column":0}},"80":{"start":{"line":134,"column":2},"end":{"line":134,"column":53}},"81":{"start":{"line":137,"column":0},"end":{"line":141,"column":0}},"82":{"start":{"line":138,"column":2},"end":{"line":138,"column":51}},"83":{"start":{"line":141,"column":0},"end":{"line":145,"column":0}},"84":{"start":{"line":142,"column":2},"end":{"line":142,"column":81}},"85":{"start":{"line":145,"column":0},"end":{"line":149,"column":0}},"86":{"start":{"line":146,"column":2},"end":{"line":146,"column":84}},"87":{"start":{"line":149,"column":0},"end":{"line":153,"column":0}},"88":{"start":{"line":150,"column":2},"end":{"line":150,"column":85}},"89":{"start":{"line":153,"column":0},"end":{"line":157,"column":0}},"90":{"start":{"line":154,"column":2},"end":{"line":154,"column":72}},"91":{"start":{"line":157,"column":0},"end":{"line":161,"column":0}},"92":{"start":{"line":158,"column":2},"end":{"line":158,"column":87}},"93":{"start":{"line":161,"column":0},"end":{"line":165,"column":0}},"94":{"start":{"line":162,"column":2},"end":{"line":162,"column":92}},"95":{"start":{"line":165,"column":0},"end":{"line":169,"column":0}},"96":{"start":{"line":166,"column":2},"end":{"line":166,"column":74}},"97":{"start":{"line":169,"column":0},"end":{"line":173,"column":0}},"98":{"start":{"line":170,"column":2},"end":{"line":170,"column":72}},"99":{"start":{"line":173,"column":0},"end":{"line":177,"column":0}},"100":{"start":{"line":174,"column":2},"end":{"line":174,"column":82}},"101":{"start":{"line":177,"column":0},"end":{"line":181,"column":0}},"102":{"start":{"line":178,"column":2},"end":{"line":178,"column":62}},"103":{"start":{"line":181,"column":0},"end":{"line":187,"column":0}},"104":{"start":{"line":182,"column":2},"end":{"line":182,"column":27}},"105":{"start":{"line":183,"column":2},"end":{"line":183,"column":28}},"106":{"start":{"line":187,"column":0},"end":{"line":192,"column":0}},"107":{"start":{"line":188,"column":2},"end":{"line":188,"column":41}},"108":{"start":{"line":189,"column":2},"end":{"line":189,"column":23}},"109":{"start":{"line":190,"column":2},"end":{"line":190,"column":14}},"110":{"start":{"line":192,"column":0},"end":{"line":192,"column":70}},"111":{"start":{"line":193,"column":0},"end":{"line":193,"column":49}},"112":{"start":{"line":195,"column":0},"end":{"line":199,"column":0}},"113":{"start":{"line":196,"column":2},"end":{"line":196,"column":37}},"114":{"start":{"line":199,"column":0},"end":{"line":204,"column":0}},"115":{"start":{"line":200,"column":2},"end":{"line":200,"column":16}},"116":{"start":{"line":201,"column":2},"end":{"line":201,"column":40}},"117":{"start":{"line":204,"column":0},"end":{"line":211,"column":0}},"118":{"start":{"line":205,"column":2},"end":{"line":205,"column":27}},"119":{"start":{"line":206,"column":2},"end":{"line":206,"column":25}},"120":{"start":{"line":207,"column":2},"end":{"line":207,"column":30}},"121":{"start":{"line":208,"column":2},"end":{"line":208,"column":24}},"122":{"start":{"line":211,"column":0},"end":{"line":211,"column":71}},"123":{"start":{"line":212,"column":0},"end":{"line":212,"column":50}},"124":{"start":{"line":214,"column":0},"end":{"line":218,"column":0}},"125":{"start":{"line":215,"column":2},"end":{"line":215,"column":173}},"126":{"start":{"line":218,"column":0},"end":{"line":245,"column":0}},"127":{"start":{"line":219,"column":2},"end":{"line":219,"column":16}},"128":{"start":{"line":220,"column":2},"end":{"line":241,"column":66}},"129":{"start":{"line":222,"column":4},"end":{"line":222,"column":72}},"130":{"start":{"line":223,"column":4},"end":{"line":223,"column":32}},"131":{"start":{"line":224,"column":4},"end":{"line":240,"column":4}},"132":{"start":{"line":225,"column":6},"end":{"line":238,"column":9}},"133":{"start":{"line":226,"column":8},"end":{"line":227,"column":8}},"134":{"start":{"line":227,"column":8},"end":{"line":237,"column":9}},"135":{"start":{"line":228,"column":10},"end":{"line":232,"column":11}},"136":{"start":{"line":229,"column":12},"end":{"line":229,"column":20}},"137":{"start":{"line":230,"column":12},"end":{"line":231,"column":56}},"138":{"start":{"line":231,"column":14},"end":{"line":231,"column":56}},"139":{"start":{"line":233,"column":10},"end":{"line":233,"column":66}},"140":{"start":{"line":234,"column":10},"end":{"line":234,"column":44}},"141":{"start":{"line":236,"column":10},"end":{"line":236,"column":52}},"142":{"start":{"line":240,"column":4},"end":{"line":240,"column":12}},"143":{"start":{"line":241,"column":9},"end":{"line":241,"column":66}},"144":{"start":{"line":245,"column":0},"end":{"line":250,"column":0}},"145":{"start":{"line":246,"column":2},"end":{"line":246,"column":27}},"146":{"start":{"line":247,"column":2},"end":{"line":247,"column":22}},"147":{"start":{"line":250,"column":0},"end":{"line":250,"column":68}},"148":{"start":{"line":251,"column":0},"end":{"line":251,"column":47}},"149":{"start":{"line":253,"column":0},"end":{"line":257,"column":0}},"150":{"start":{"line":254,"column":2},"end":{"line":254,"column":28}},"151":{"start":{"line":257,"column":0},"end":{"line":269,"column":0}},"152":{"start":{"line":258,"column":2},"end":{"line":258,"column":16}},"153":{"start":{"line":259,"column":2},"end":{"line":266,"column":66}},"154":{"start":{"line":261,"column":4},"end":{"line":261,"column":72}},"155":{"start":{"line":262,"column":4},"end":{"line":265,"column":7}},"156":{"start":{"line":263,"column":6},"end":{"line":263,"column":58}},"157":{"start":{"line":264,"column":6},"end":{"line":264,"column":48}},"158":{"start":{"line":266,"column":9},"end":{"line":266,"column":66}},"159":{"start":{"line":269,"column":0},"end":{"line":276,"column":0}},"160":{"start":{"line":270,"column":2},"end":{"line":270,"column":27}},"161":{"start":{"line":271,"column":2},"end":{"line":271,"column":24}},"162":{"start":{"line":272,"column":2},"end":{"line":272,"column":57}},"163":{"start":{"line":273,"column":2},"end":{"line":273,"column":27}},"164":{"start":{"line":276,"column":0},"end":{"line":276,"column":71}},"165":{"start":{"line":277,"column":0},"end":{"line":277,"column":53}},"166":{"start":{"line":279,"column":0},"end":{"line":283,"column":0}},"167":{"start":{"line":280,"column":2},"end":{"line":280,"column":51}},"168":{"start":{"line":283,"column":0},"end":{"line":300,"column":0}},"169":{"start":{"line":284,"column":2},"end":{"line":284,"column":16}},"170":{"start":{"line":285,"column":2},"end":{"line":285,"column":30}},"171":{"start":{"line":286,"column":2},"end":{"line":297,"column":2}},"172":{"start":{"line":287,"column":4},"end":{"line":295,"column":5}},"173":{"start":{"line":288,"column":6},"end":{"line":292,"column":9}},"174":{"start":{"line":289,"column":8},"end":{"line":289,"column":49}},"175":{"start":{"line":290,"column":8},"end":{"line":290,"column":16}},"176":{"start":{"line":291,"column":8},"end":{"line":291,"column":17}},"177":{"start":{"line":294,"column":6},"end":{"line":294,"column":28}},"178":{"start":{"line":297,"column":2},"end":{"line":297,"column":11}},"179":{"start":{"line":300,"column":0},"end":{"line":309,"column":0}},"180":{"start":{"line":301,"column":2},"end":{"line":301,"column":27}},"181":{"start":{"line":302,"column":2},"end":{"line":302,"column":24}},"182":{"start":{"line":303,"column":2},"end":{"line":303,"column":24}},"183":{"start":{"line":304,"column":2},"end":{"line":304,"column":24}},"184":{"start":{"line":305,"column":2},"end":{"line":305,"column":59}},"185":{"start":{"line":306,"column":2},"end":{"line":306,"column":27}},"186":{"start":{"line":309,"column":0},"end":{"line":309,"column":73}},"187":{"start":{"line":310,"column":0},"end":{"line":310,"column":57}},"188":{"start":{"line":312,"column":0},"end":{"line":316,"column":0}},"189":{"start":{"line":313,"column":2},"end":{"line":313,"column":82}},"190":{"start":{"line":316,"column":0},"end":{"line":360,"column":0}},"191":{"start":{"line":317,"column":2},"end":{"line":317,"column":16}},"192":{"start":{"line":320,"column":2},"end":{"line":320,"column":76}},"193":{"start":{"line":323,"column":2},"end":{"line":338,"column":3}},"194":{"start":{"line":324,"column":4},"end":{"line":324,"column":16}},"195":{"start":{"line":325,"column":4},"end":{"line":337,"column":4}},"196":{"start":{"line":326,"column":6},"end":{"line":335,"column":7}},"197":{"start":{"line":327,"column":8},"end":{"line":327,"column":49}},"198":{"start":{"line":328,"column":8},"end":{"line":328,"column":56}},"199":{"start":{"line":329,"column":8},"end":{"line":332,"column":11}},"200":{"start":{"line":330,"column":10},"end":{"line":330,"column":18}},"201":{"start":{"line":331,"column":10},"end":{"line":331,"column":19}},"202":{"start":{"line":334,"column":8},"end":{"line":334,"column":30}},"203":{"start":{"line":337,"column":4},"end":{"line":337,"column":13}},"204":{"start":{"line":338,"column":4},"end":{"line":356,"column":3}},"205":{"start":{"line":339,"column":4},"end":{"line":339,"column":16}},"206":{"start":{"line":340,"column":4},"end":{"line":340,"column":34}},"207":{"start":{"line":341,"column":4},"end":{"line":353,"column":4}},"208":{"start":{"line":342,"column":6},"end":{"line":351,"column":7}},"209":{"start":{"line":343,"column":8},"end":{"line":343,"column":55}},"210":{"start":{"line":344,"column":8},"end":{"line":344,"column":62}},"211":{"start":{"line":345,"column":8},"end":{"line":348,"column":11}},"212":{"start":{"line":346,"column":10},"end":{"line":346,"column":18}},"213":{"start":{"line":347,"column":10},"end":{"line":347,"column":19}},"214":{"start":{"line":350,"column":8},"end":{"line":350,"column":30}},"215":{"start":{"line":353,"column":4},"end":{"line":353,"column":13}},"216":{"start":{"line":355,"column":4},"end":{"line":355,"column":70}},"217":{"start":{"line":360,"column":0},"end":{"line":365,"column":0}},"218":{"start":{"line":361,"column":2},"end":{"line":361,"column":27}},"219":{"start":{"line":362,"column":2},"end":{"line":362,"column":20}},"220":{"start":{"line":365,"column":0},"end":{"line":365,"column":69}},"221":{"start":{"line":366,"column":0},"end":{"line":366,"column":49}},"222":{"start":{"line":368,"column":0},"end":{"line":382,"column":0}},"223":{"start":{"line":369,"column":2},"end":{"line":369,"column":16}},"224":{"start":{"line":370,"column":2},"end":{"line":379,"column":67}},"225":{"start":{"line":371,"column":4},"end":{"line":378,"column":7}},"226":{"start":{"line":373,"column":6},"end":{"line":373,"column":38}},"227":{"start":{"line":373,"column":23},"end":{"line":373,"column":38}},"228":{"start":{"line":374,"column":6},"end":{"line":376,"column":7}},"229":{"start":{"line":375,"column":8},"end":{"line":375,"column":30}},"230":{"start":{"line":377,"column":6},"end":{"line":377,"column":33}},"231":{"start":{"line":379,"column":9},"end":{"line":379,"column":67}},"232":{"start":{"line":382,"column":0},"end":{"line":387,"column":0}},"233":{"start":{"line":383,"column":2},"end":{"line":383,"column":27}},"234":{"start":{"line":384,"column":2},"end":{"line":384,"column":20}},"235":{"start":{"line":387,"column":0},"end":{"line":387,"column":69}},"236":{"start":{"line":388,"column":0},"end":{"line":388,"column":49}},"237":{"start":{"line":390,"column":0},"end":{"line":409,"column":0}},"238":{"start":{"line":391,"column":2},"end":{"line":391,"column":16}},"239":{"start":{"line":392,"column":2},"end":{"line":401,"column":3}},"240":{"start":{"line":393,"column":4},"end":{"line":393,"column":54}},"241":{"start":{"line":394,"column":4},"end":{"line":394,"column":28}},"242":{"start":{"line":395,"column":4},"end":{"line":397,"column":5}},"243":{"start":{"line":396,"column":6},"end":{"line":396,"column":45}},"244":{"start":{"line":398,"column":4},"end":{"line":400,"column":7}}},"branchMap":{"1":{"line":33,"type":"if","locations":[{"start":{"line":33,"column":4},"end":{"line":33,"column":4}},{"start":{"line":33,"column":4},"end":{"line":33,"column":4}}]},"2":{"line":33,"type":"binary-expr","locations":[{"start":{"line":33,"column":9},"end":{"line":33,"column":20}},{"start":{"line":33,"column":24},"end":{"line":33,"column":48}},{"start":{"line":33,"column":54},"end":{"line":33,"column":66}},{"start":{"line":33,"column":70},"end":{"line":33,"column":73}},{"start":{"line":33,"column":79},"end":{"line":33,"column":98}}]},"3":{"line":37,"type":"if","locations":[{"start":{"line":37,"column":8},"end":{"line":37,"column":8}},{"start":{"line":37,"column":8},"end":{"line":37,"column":8}}]},"4":{"line":40,"type":"if","locations":[{"start":{"line":40,"column":4},"end":{"line":40,"column":4}},{"start":{"line":40,"column":4},"end":{"line":40,"column":4}}]},"5":{"line":40,"type":"binary-expr","locations":[{"start":{"line":40,"column":9},"end":{"line":40,"column":20}},{"start":{"line":40,"column":24},"end":{"line":40,"column":49}},{"start":{"line":40,"column":55},"end":{"line":40,"column":67}},{"start":{"line":40,"column":71},"end":{"line":40,"column":74}},{"start":{"line":40,"column":80},"end":{"line":40,"column":97}}]},"6":{"line":44,"type":"if","locations":[{"start":{"line":44,"column":8},"end":{"line":44,"column":8}},{"start":{"line":44,"column":8},"end":{"line":44,"column":8}}]},"7":{"line":47,"type":"if","locations":[{"start":{"line":47,"column":4},"end":{"line":47,"column":4}},{"start":{"line":47,"column":4},"end":{"line":47,"column":4}}]},"8":{"line":61,"type":"if","locations":[{"start":{"line":61,"column":2},"end":{"line":61,"column":2}},{"start":{"line":61,"column":2},"end":{"line":61,"column":2}}]},"9":{"line":64,"type":"if","locations":[{"start":{"line":64,"column":6},"end":{"line":64,"column":6}},{"start":{"line":64,"column":6},"end":{"line":64,"column":6}}]},"10":{"line":68,"type":"if","locations":[{"start":{"line":68,"column":8},"end":{"line":68,"column":8}},{"start":{"line":68,"column":8},"end":{"line":68,"column":8}}]},"11":{"line":108,"type":"if","locations":[{"start":{"line":108,"column":2},"end":{"line":108,"column":2}},{"start":{"line":108,"column":2},"end":{"line":108,"column":2}}]},"12":{"line":183,"type":"binary-expr","locations":[{"start":{"line":183,"column":17},"end":{"line":183,"column":21}},{"start":{"line":183,"column":23},"end":{"line":183,"column":27}}]},"13":{"line":207,"type":"binary-expr","locations":[{"start":{"line":207,"column":18},"end":{"line":207,"column":23}},{"start":{"line":207,"column":25},"end":{"line":207,"column":29}}]},"14":{"line":215,"type":"cond-expr","locations":[{"start":{"line":215,"column":77},"end":{"line":215,"column":101}},{"start":{"line":215,"column":102},"end":{"line":215,"column":104}}]},"15":{"line":215,"type":"cond-expr","locations":[{"start":{"line":215,"column":140},"end":{"line":215,"column":168}},{"start":{"line":215,"column":169},"end":{"line":215,"column":171}}]},"16":{"line":220,"type":"if","locations":[{"start":{"line":220,"column":2},"end":{"line":220,"column":2}},{"start":{"line":220,"column":2},"end":{"line":220,"column":2}}]},"17":{"line":222,"type":"binary-expr","locations":[{"start":{"line":222,"column":16},"end":{"line":222,"column":30}},{"start":{"line":222,"column":34},"end":{"line":222,"column":71}}]},"18":{"line":227,"type":"if","locations":[{"start":{"line":227,"column":8},"end":{"line":227,"column":8}},{"start":{"line":227,"column":8},"end":{"line":227,"column":8}}]},"19":{"line":228,"type":"if","locations":[{"start":{"line":228,"column":10},"end":{"line":228,"column":10}},{"start":{"line":228,"column":10},"end":{"line":228,"column":10}}]},"20":{"line":230,"type":"if","locations":[{"start":{"line":230,"column":12},"end":{"line":230,"column":12}},{"start":{"line":230,"column":12},"end":{"line":230,"column":12}}]},"21":{"line":259,"type":"if","locations":[{"start":{"line":259,"column":2},"end":{"line":259,"column":2}},{"start":{"line":259,"column":2},"end":{"line":259,"column":2}}]},"22":{"line":261,"type":"binary-expr","locations":[{"start":{"line":261,"column":16},"end":{"line":261,"column":30}},{"start":{"line":261,"column":34},"end":{"line":261,"column":71}}]},"23":{"line":287,"type":"if","locations":[{"start":{"line":287,"column":4},"end":{"line":287,"column":4}},{"start":{"line":287,"column":4},"end":{"line":287,"column":4}}]},"24":{"line":320,"type":"binary-expr","locations":[{"start":{"line":320,"column":14},"end":{"line":320,"column":29}},{"start":{"line":320,"column":33},"end":{"line":320,"column":75}}]},"25":{"line":323,"type":"if","locations":[{"start":{"line":323,"column":2},"end":{"line":323,"column":2}},{"start":{"line":323,"column":2},"end":{"line":323,"column":2}}]},"26":{"line":326,"type":"if","locations":[{"start":{"line":326,"column":6},"end":{"line":326,"column":6}},{"start":{"line":326,"column":6},"end":{"line":326,"column":6}}]},"27":{"line":338,"type":"if","locations":[{"start":{"line":338,"column":4},"end":{"line":338,"column":4}},{"start":{"line":338,"column":4},"end":{"line":338,"column":4}}]},"28":{"line":342,"type":"if","locations":[{"start":{"line":342,"column":6},"end":{"line":342,"column":6}},{"start":{"line":342,"column":6},"end":{"line":342,"column":6}}]},"29":{"line":370,"type":"if","locations":[{"start":{"line":370,"column":2},"end":{"line":370,"column":2}},{"start":{"line":370,"column":2},"end":{"line":370,"column":2}}]},"30":{"line":373,"type":"if","locations":[{"start":{"line":373,"column":6},"end":{"line":373,"column":6}},{"start":{"line":373,"column":6},"end":{"line":373,"column":6}}]},"31":{"line":392,"type":"if","locations":[{"start":{"line":392,"column":2},"end":{"line":392,"column":2}},{"start":{"line":392,"column":2},"end":{"line":392,"column":2}}]}}},"/Users/celer/Project/hopjs-all/hopjs-wf/lib/tests.js":{"path":"/Users/celer/Project/hopjs-all/hopjs-wf/lib/tests.js","s":{"1":1,"2":1,"3":1,"4":64,"5":64,"6":64,"7":58,"8":58,"9":7,"10":51,"11":1,"12":26,"13":1,"14":38,"15":1,"16":1,"17":56,"18":206,"19":51,"20":155,"21":11,"22":36,"23":36,"24":137,"25":31,"26":36,"27":5,"28":6,"29":144,"30":37,"31":52,"32":0,"33":52,"34":6,"35":46,"36":6,"37":6,"38":2,"39":40,"40":7,"41":7,"42":2,"43":33,"44":7,"45":20,"46":107,"47":56,"48":1,"49":26,"50":0,"51":26,"52":26,"53":26,"54":0,"55":1,"56":8,"57":8,"58":28,"59":6,"60":2,"61":1,"62":1,"63":1,"64":1,"65":1,"66":1,"67":1,"68":1,"69":1,"70":1,"71":1,"72":1,"73":1,"74":1,"75":1,"76":1,"77":4,"78":0,"79":4,"80":3,"81":2,"82":1,"83":2,"84":1,"85":1,"86":1,"87":1,"88":1,"89":1,"90":1,"91":1,"92":2,"93":1,"94":1,"95":1,"96":1,"97":1,"98":2,"99":1,"100":1,"101":1,"102":1,"103":1,"104":8,"105":1,"106":7,"107":1,"108":1,"109":1,"110":2,"111":1,"112":1,"113":1,"114":1,"115":1,"116":4,"117":0,"118":4,"119":3,"120":1,"121":1,"122":1,"123":1,"124":1,"125":1,"126":4,"127":0,"128":4,"129":1,"130":3,"131":1,"132":1,"133":1,"134":1,"135":1,"136":2,"137":1,"138":1,"139":1,"140":1,"141":1,"142":6,"143":0,"144":6,"145":5,"146":5,"147":4,"148":3,"149":1,"150":1,"151":1,"152":1,"153":1,"154":1,"155":1,"156":1,"157":1,"158":1,"159":6,"160":0,"161":0,"162":6,"163":1,"164":5,"165":5,"166":5,"167":1,"168":4,"169":1,"170":3,"171":1,"172":2,"173":1,"174":1,"175":1,"176":0,"177":1,"178":1,"179":1,"180":1,"181":1,"182":1,"183":1,"184":6,"185":0,"186":6,"187":5,"188":5,"189":4,"190":1,"191":3,"192":1,"193":1,"194":1,"195":1,"196":1,"197":1,"198":1,"199":1,"200":1,"201":3,"202":2,"203":2,"204":1,"205":1,"206":1,"207":1,"208":1,"209":1,"210":1,"211":3,"212":2,"213":2,"214":1,"215":1,"216":1,"217":1,"218":1,"219":1,"220":1,"221":3,"222":2,"223":0,"224":2,"225":2,"226":1,"227":1,"228":1,"229":1,"230":1,"231":1,"232":1,"233":3,"234":2,"235":0,"236":2,"237":2,"238":1,"239":1,"240":1,"241":1,"242":1,"243":1,"244":1,"245":3,"246":2,"247":2,"248":1,"249":1,"250":1,"251":1,"252":1,"253":1,"254":1,"255":2,"256":2,"257":2,"258":0,"259":1,"260":1,"261":1,"262":1,"263":1,"264":0},"b":{"1":[64,20],"2":[7,51],"3":[51,155],"4":[11,144],"5":[31,106],"6":[5,31],"7":[37,107],"8":[0,52],"9":[52,52],"10":[6,46],"11":[6,40],"12":[2,4],"13":[7,33],"14":[2,5],"15":[7,26],"16":[0,26],"17":[26,26],"18":[8,0],"19":[6,22],"20":[0,4],"21":[3,1],"22":[2,1],"23":[1,1],"24":[1,1],"25":[1,1],"26":[1,1],"27":[1,7],"28":[1,1],"29":[0,4],"30":[3,1],"31":[0,4],"32":[1,3],"33":[1,1],"34":[0,6],"35":[5,1],"36":[4,1],"37":[3,1],"38":[0,6],"39":[1,5],"40":[5,0],"41":[1,4],"42":[5,3],"43":[1,3],"44":[4,3],"45":[1,2],"46":[3,2],"47":[1,1],"48":[1,0],"49":[0,6],"50":[5,1],"51":[4,1],"52":[1,3],"53":[2,1],"54":[1,1],"55":[2,1],"56":[1,1],"57":[2,1],"58":[0,2],"59":[1,1],"60":[2,1],"61":[0,2],"62":[1,1],"63":[2,1],"64":[1,1],"65":[2,0],"66":[1,0]},"f":{"1":64,"2":58,"3":26,"4":38,"5":56,"6":206,"7":26,"8":8,"9":4,"10":2,"11":2,"12":8,"13":2,"14":4,"15":4,"16":2,"17":6,"18":6,"19":6,"20":3,"21":3,"22":3,"23":3,"24":3,"25":2,"26":1},"fnMap":{"1":{"name":"(anonymous_1)","line":4,"loc":{"start":{"line":4,"column":13},"end":{"line":4,"column":34}}},"2":{"name":"(anonymous_2)","line":7,"loc":{"start":{"line":7,"column":48},"end":{"line":7,"column":65}}},"3":{"name":"(anonymous_3)","line":15,"loc":{"start":{"line":15,"column":14},"end":{"line":15,"column":35}}},"4":{"name":"(anonymous_4)","line":20,"loc":{"start":{"line":20,"column":14},"end":{"line":20,"column":35}}},"5":{"name":"(anonymous_5)","line":40,"loc":{"start":{"line":40,"column":28},"end":{"line":40,"column":50}}},"6":{"name":"(anonymous_6)","line":41,"loc":{"start":{"line":41,"column":14},"end":{"line":41,"column":36}}},"7":{"name":"(anonymous_7)","line":84,"loc":{"start":{"line":84,"column":27},"end":{"line":84,"column":52}}},"8":{"name":"(anonymous_8)","line":95,"loc":{"start":{"line":95,"column":29},"end":{"line":95,"column":50}}},"9":{"name":"(anonymous_9)","line":123,"loc":{"start":{"line":123,"column":29},"end":{"line":123,"column":67}}},"10":{"name":"(anonymous_10)","line":141,"loc":{"start":{"line":141,"column":27},"end":{"line":141,"column":55}}},"11":{"name":"(anonymous_11)","line":150,"loc":{"start":{"line":150,"column":30},"end":{"line":150,"column":58}}},"12":{"name":"(anonymous_12)","line":160,"loc":{"start":{"line":160,"column":28},"end":{"line":160,"column":56}}},"13":{"name":"(anonymous_13)","line":169,"loc":{"start":{"line":169,"column":31},"end":{"line":169,"column":59}}},"14":{"name":"(anonymous_14)","line":178,"loc":{"start":{"line":178,"column":30},"end":{"line":178,"column":66}}},"15":{"name":"(anonymous_15)","line":191,"loc":{"start":{"line":191,"column":36},"end":{"line":191,"column":72}}},"16":{"name":"(anonymous_16)","line":204,"loc":{"start":{"line":204,"column":29},"end":{"line":204,"column":57}}},"17":{"name":"(anonymous_17)","line":213,"loc":{"start":{"line":213,"column":29},"end":{"line":213,"column":65}}},"18":{"name":"(anonymous_18)","line":236,"loc":{"start":{"line":236,"column":27},"end":{"line":236,"column":63}}},"19":{"name":"(anonymous_19)","line":263,"loc":{"start":{"line":263,"column":34},"end":{"line":263,"column":70}}},"20":{"name":"(anonymous_20)","line":286,"loc":{"start":{"line":286,"column":30},"end":{"line":286,"column":66}}},"21":{"name":"(anonymous_21)","line":299,"loc":{"start":{"line":299,"column":33},"end":{"line":299,"column":69}}},"22":{"name":"(anonymous_22)","line":312,"loc":{"start":{"line":312,"column":32},"end":{"line":312,"column":68}}},"23":{"name":"(anonymous_23)","line":327,"loc":{"start":{"line":327,"column":37},"end":{"line":327,"column":73}}},"24":{"name":"(anonymous_24)","line":342,"loc":{"start":{"line":342,"column":31},"end":{"line":342,"column":67}}},"25":{"name":"(anonymous_25)","line":355,"loc":{"start":{"line":355,"column":28},"end":{"line":355,"column":64}}},"26":{"name":"(anonymous_26)","line":363,"loc":{"start":{"line":363,"column":30},"end":{"line":363,"column":66}}}},"statementMap":{"1":{"start":{"line":1,"column":0},"end":{"line":1,"column":33}},"2":{"start":{"line":2,"column":0},"end":{"line":2,"column":31}},"3":{"start":{"line":4,"column":0},"end":{"line":15,"column":0}},"4":{"start":{"line":5,"column":2},"end":{"line":5,"column":22}},"5":{"start":{"line":6,"column":2},"end":{"line":12,"column":3}},"6":{"start":{"line":7,"column":4},"end":{"line":11,"column":7}},"7":{"start":{"line":8,"column":6},"end":{"line":8,"column":23}},"8":{"start":{"line":9,"column":6},"end":{"line":10,"column":20}},"9":{"start":{"line":9,"column":29},"end":{"line":9,"column":54}},"10":{"start":{"line":10,"column":11},"end":{"line":10,"column":20}},"11":{"start":{"line":15,"column":0},"end":{"line":20,"column":0}},"12":{"start":{"line":16,"column":2},"end":{"line":16,"column":55}},"13":{"start":{"line":20,"column":0},"end":{"line":24,"column":0}},"14":{"start":{"line":21,"column":2},"end":{"line":21,"column":56}},"15":{"start":{"line":24,"column":0},"end":{"line":24,"column":18}},"16":{"start":{"line":40,"column":0},"end":{"line":84,"column":0}},"17":{"start":{"line":41,"column":2},"end":{"line":81,"column":2}},"18":{"start":{"line":42,"column":4},"end":{"line":79,"column":5}},"19":{"start":{"line":43,"column":6},"end":{"line":43,"column":19}},"20":{"start":{"line":45,"column":6},"end":{"line":78,"column":7}},"21":{"start":{"line":46,"column":8},"end":{"line":56,"column":9}},"22":{"start":{"line":47,"column":10},"end":{"line":47,"column":26}},"23":{"start":{"line":48,"column":10},"end":{"line":52,"column":11}},"24":{"start":{"line":49,"column":12},"end":{"line":51,"column":13}},"25":{"start":{"line":50,"column":14},"end":{"line":50,"column":25}},"26":{"start":{"line":53,"column":10},"end":{"line":55,"column":11}},"27":{"start":{"line":54,"column":12},"end":{"line":54,"column":25}},"28":{"start":{"line":57,"column":8},"end":{"line":57,"column":20}},"29":{"start":{"line":58,"column":13},"end":{"line":78,"column":7}},"30":{"start":{"line":59,"column":8},"end":{"line":74,"column":9}},"31":{"start":{"line":60,"column":10},"end":{"line":63,"column":25}},"32":{"start":{"line":61,"column":12},"end":{"line":61,"column":25}},"33":{"start":{"line":62,"column":15},"end":{"line":63,"column":25}},"34":{"start":{"line":63,"column":12},"end":{"line":63,"column":25}},"35":{"start":{"line":64,"column":10},"end":{"line":74,"column":8}},"36":{"start":{"line":65,"column":12},"end":{"line":65,"column":66}},"37":{"start":{"line":66,"column":12},"end":{"line":67,"column":27}},"38":{"start":{"line":67,"column":14},"end":{"line":67,"column":27}},"39":{"start":{"line":68,"column":17},"end":{"line":74,"column":8}},"40":{"start":{"line":69,"column":12},"end":{"line":69,"column":66}},"41":{"start":{"line":70,"column":12},"end":{"line":71,"column":27}},"42":{"start":{"line":71,"column":14},"end":{"line":71,"column":27}},"43":{"start":{"line":72,"column":17},"end":{"line":74,"column":8}},"44":{"start":{"line":73,"column":12},"end":{"line":74,"column":8}},"45":{"start":{"line":75,"column":8},"end":{"line":75,"column":20}},"46":{"start":{"line":77,"column":8},"end":{"line":77,"column":31}},"47":{"start":{"line":81,"column":2},"end":{"line":81,"column":31}},"48":{"start":{"line":84,"column":0},"end":{"line":95,"column":0}},"49":{"start":{"line":85,"column":2},"end":{"line":85,"column":57}},"50":{"start":{"line":85,"column":40},"end":{"line":85,"column":57}},"51":{"start":{"line":86,"column":2},"end":{"line":92,"column":3}},"52":{"start":{"line":87,"column":4},"end":{"line":91,"column":5}},"53":{"start":{"line":88,"column":6},"end":{"line":88,"column":28}},"54":{"start":{"line":90,"column":6},"end":{"line":90,"column":23}},"55":{"start":{"line":95,"column":0},"end":{"line":105,"column":0}},"56":{"start":{"line":96,"column":2},"end":{"line":101,"column":3}},"57":{"start":{"line":97,"column":4},"end":{"line":100,"column":5}},"58":{"start":{"line":98,"column":6},"end":{"line":99,"column":20}},"59":{"start":{"line":99,"column":8},"end":{"line":99,"column":20}},"60":{"start":{"line":102,"column":2},"end":{"line":102,"column":15}},"61":{"start":{"line":105,"column":0},"end":{"line":105,"column":70}},"62":{"start":{"line":106,"column":0},"end":{"line":106,"column":69}},"63":{"start":{"line":107,"column":0},"end":{"line":107,"column":64}},"64":{"start":{"line":108,"column":0},"end":{"line":108,"column":60}},"65":{"start":{"line":109,"column":0},"end":{"line":109,"column":61}},"66":{"start":{"line":110,"column":0},"end":{"line":110,"column":72}},"67":{"start":{"line":111,"column":0},"end":{"line":111,"column":81}},"68":{"start":{"line":112,"column":0},"end":{"line":112,"column":82}},"69":{"start":{"line":113,"column":0},"end":{"line":113,"column":189}},"70":{"start":{"line":114,"column":0},"end":{"line":114,"column":137}},"71":{"start":{"line":115,"column":0},"end":{"line":115,"column":186}},"72":{"start":{"line":117,"column":0},"end":{"line":117,"column":191}},"73":{"start":{"line":118,"column":0},"end":{"line":118,"column":192}},"74":{"start":{"line":119,"column":0},"end":{"line":119,"column":175}},"75":{"start":{"line":121,"column":0},"end":{"line":121,"column":18}},"76":{"start":{"line":123,"column":0},"end":{"line":135,"column":0}},"77":{"start":{"line":124,"column":2},"end":{"line":126,"column":3}},"78":{"start":{"line":125,"column":4},"end":{"line":125,"column":65}},"79":{"start":{"line":127,"column":2},"end":{"line":132,"column":3}},"80":{"start":{"line":128,"column":4},"end":{"line":129,"column":106}},"81":{"start":{"line":129,"column":6},"end":{"line":129,"column":106}},"82":{"start":{"line":129,"column":43},"end":{"line":129,"column":106}},"83":{"start":{"line":130,"column":6},"end":{"line":130,"column":122}},"84":{"start":{"line":130,"column":59},"end":{"line":130,"column":122}},"85":{"start":{"line":131,"column":6},"end":{"line":131,"column":75}},"86":{"start":{"line":132,"column":4},"end":{"line":132,"column":47}},"87":{"start":{"line":135,"column":0},"end":{"line":135,"column":118}},"88":{"start":{"line":136,"column":0},"end":{"line":136,"column":128}},"89":{"start":{"line":137,"column":0},"end":{"line":137,"column":163}},"90":{"start":{"line":138,"column":0},"end":{"line":138,"column":133}},"91":{"start":{"line":141,"column":0},"end":{"line":147,"column":0}},"92":{"start":{"line":142,"column":2},"end":{"line":144,"column":54}},"93":{"start":{"line":143,"column":4},"end":{"line":143,"column":47}},"94":{"start":{"line":144,"column":7},"end":{"line":144,"column":54}},"95":{"start":{"line":147,"column":0},"end":{"line":147,"column":95}},"96":{"start":{"line":148,"column":0},"end":{"line":148,"column":100}},"97":{"start":{"line":150,"column":0},"end":{"line":156,"column":0}},"98":{"start":{"line":151,"column":2},"end":{"line":153,"column":54}},"99":{"start":{"line":152,"column":4},"end":{"line":152,"column":47}},"100":{"start":{"line":153,"column":7},"end":{"line":153,"column":54}},"101":{"start":{"line":156,"column":0},"end":{"line":156,"column":99}},"102":{"start":{"line":157,"column":0},"end":{"line":157,"column":102}},"103":{"start":{"line":160,"column":0},"end":{"line":166,"column":0}},"104":{"start":{"line":161,"column":2},"end":{"line":163,"column":55}},"105":{"start":{"line":162,"column":4},"end":{"line":162,"column":48}},"106":{"start":{"line":163,"column":7},"end":{"line":163,"column":55}},"107":{"start":{"line":166,"column":0},"end":{"line":166,"column":92}},"108":{"start":{"line":167,"column":0},"end":{"line":167,"column":97}},"109":{"start":{"line":169,"column":0},"end":{"line":175,"column":0}},"110":{"start":{"line":170,"column":2},"end":{"line":172,"column":55}},"111":{"start":{"line":171,"column":4},"end":{"line":171,"column":48}},"112":{"start":{"line":172,"column":7},"end":{"line":172,"column":55}},"113":{"start":{"line":175,"column":0},"end":{"line":175,"column":101}},"114":{"start":{"line":176,"column":0},"end":{"line":176,"column":104}},"115":{"start":{"line":178,"column":0},"end":{"line":186,"column":0}},"116":{"start":{"line":179,"column":2},"end":{"line":181,"column":3}},"117":{"start":{"line":180,"column":4},"end":{"line":180,"column":65}},"118":{"start":{"line":182,"column":2},"end":{"line":182,"column":121}},"119":{"start":{"line":182,"column":57},"end":{"line":182,"column":121}},"120":{"start":{"line":183,"column":2},"end":{"line":183,"column":72}},"121":{"start":{"line":186,"column":0},"end":{"line":186,"column":126}},"122":{"start":{"line":187,"column":0},"end":{"line":187,"column":136}},"123":{"start":{"line":188,"column":0},"end":{"line":188,"column":130}},"124":{"start":{"line":189,"column":0},"end":{"line":189,"column":139}},"125":{"start":{"line":191,"column":0},"end":{"line":199,"column":0}},"126":{"start":{"line":192,"column":2},"end":{"line":194,"column":3}},"127":{"start":{"line":193,"column":4},"end":{"line":193,"column":65}},"128":{"start":{"line":195,"column":2},"end":{"line":195,"column":128}},"129":{"start":{"line":195,"column":58},"end":{"line":195,"column":128}},"130":{"start":{"line":196,"column":2},"end":{"line":196,"column":66}},"131":{"start":{"line":199,"column":0},"end":{"line":199,"column":133}},"132":{"start":{"line":200,"column":0},"end":{"line":200,"column":141}},"133":{"start":{"line":201,"column":0},"end":{"line":201,"column":137}},"134":{"start":{"line":202,"column":0},"end":{"line":202,"column":146}},"135":{"start":{"line":204,"column":0},"end":{"line":210,"column":0}},"136":{"start":{"line":205,"column":2},"end":{"line":207,"column":59}},"137":{"start":{"line":206,"column":4},"end":{"line":206,"column":52}},"138":{"start":{"line":207,"column":7},"end":{"line":207,"column":59}},"139":{"start":{"line":210,"column":0},"end":{"line":210,"column":108}},"140":{"start":{"line":211,"column":0},"end":{"line":211,"column":115}},"141":{"start":{"line":213,"column":0},"end":{"line":229,"column":0}},"142":{"start":{"line":214,"column":2},"end":{"line":216,"column":3}},"143":{"start":{"line":215,"column":4},"end":{"line":215,"column":65}},"144":{"start":{"line":217,"column":2},"end":{"line":225,"column":3}},"145":{"start":{"line":218,"column":4},"end":{"line":218,"column":64}},"146":{"start":{"line":219,"column":4},"end":{"line":223,"column":5}},"147":{"start":{"line":220,"column":6},"end":{"line":221,"column":94}},"148":{"start":{"line":221,"column":8},"end":{"line":221,"column":94}},"149":{"start":{"line":222,"column":6},"end":{"line":222,"column":98}},"150":{"start":{"line":224,"column":4},"end":{"line":224,"column":86}},"151":{"start":{"line":226,"column":2},"end":{"line":226,"column":46}},"152":{"start":{"line":229,"column":0},"end":{"line":229,"column":133}},"153":{"start":{"line":230,"column":0},"end":{"line":230,"column":165}},"154":{"start":{"line":231,"column":0},"end":{"line":231,"column":156}},"155":{"start":{"line":232,"column":0},"end":{"line":232,"column":173}},"156":{"start":{"line":233,"column":0},"end":{"line":233,"column":189}},"157":{"start":{"line":234,"column":0},"end":{"line":234,"column":163}},"158":{"start":{"line":236,"column":0},"end":{"line":256,"column":0}},"159":{"start":{"line":237,"column":2},"end":{"line":240,"column":3}},"160":{"start":{"line":238,"column":4},"end":{"line":238,"column":61}},"161":{"start":{"line":239,"column":4},"end":{"line":239,"column":61}},"162":{"start":{"line":241,"column":2},"end":{"line":242,"column":48}},"163":{"start":{"line":242,"column":4},"end":{"line":242,"column":48}},"164":{"start":{"line":243,"column":2},"end":{"line":243,"column":62}},"165":{"start":{"line":244,"column":2},"end":{"line":253,"column":3}},"166":{"start":{"line":245,"column":4},"end":{"line":245,"column":140}},"167":{"start":{"line":245,"column":64},"end":{"line":245,"column":140}},"168":{"start":{"line":246,"column":4},"end":{"line":246,"column":140}},"169":{"start":{"line":246,"column":64},"end":{"line":246,"column":140}},"170":{"start":{"line":247,"column":4},"end":{"line":248,"column":99}},"171":{"start":{"line":248,"column":6},"end":{"line":248,"column":99}},"172":{"start":{"line":249,"column":4},"end":{"line":250,"column":82}},"173":{"start":{"line":250,"column":6},"end":{"line":250,"column":82}},"174":{"start":{"line":251,"column":4},"end":{"line":252,"column":82}},"175":{"start":{"line":252,"column":6},"end":{"line":252,"column":82}},"176":{"start":{"line":253,"column":4},"end":{"line":253,"column":77}},"177":{"start":{"line":256,"column":0},"end":{"line":256,"column":131}},"178":{"start":{"line":257,"column":0},"end":{"line":257,"column":155}},"179":{"start":{"line":258,"column":0},"end":{"line":258,"column":158}},"180":{"start":{"line":259,"column":0},"end":{"line":259,"column":156}},"181":{"start":{"line":260,"column":0},"end":{"line":260,"column":157}},"182":{"start":{"line":261,"column":0},"end":{"line":261,"column":176}},"183":{"start":{"line":263,"column":0},"end":{"line":279,"column":0}},"184":{"start":{"line":264,"column":2},"end":{"line":266,"column":3}},"185":{"start":{"line":265,"column":4},"end":{"line":265,"column":65}},"186":{"start":{"line":267,"column":2},"end":{"line":275,"column":3}},"187":{"start":{"line":268,"column":4},"end":{"line":268,"column":64}},"188":{"start":{"line":269,"column":4},"end":{"line":273,"column":5}},"189":{"start":{"line":270,"column":6},"end":{"line":271,"column":100}},"190":{"start":{"line":271,"column":8},"end":{"line":271,"column":100}},"191":{"start":{"line":272,"column":6},"end":{"line":272,"column":92}},"192":{"start":{"line":274,"column":4},"end":{"line":274,"column":86}},"193":{"start":{"line":276,"column":2},"end":{"line":276,"column":46}},"194":{"start":{"line":279,"column":0},"end":{"line":279,"column":138}},"195":{"start":{"line":280,"column":0},"end":{"line":280,"column":170}},"196":{"start":{"line":281,"column":0},"end":{"line":281,"column":162}},"197":{"start":{"line":282,"column":0},"end":{"line":282,"column":179}},"198":{"start":{"line":283,"column":0},"end":{"line":283,"column":195}},"199":{"start":{"line":284,"column":0},"end":{"line":284,"column":167}},"200":{"start":{"line":286,"column":0},"end":{"line":295,"column":0}},"201":{"start":{"line":287,"column":2},"end":{"line":292,"column":61}},"202":{"start":{"line":288,"column":4},"end":{"line":288,"column":68}},"203":{"start":{"line":289,"column":4},"end":{"line":291,"column":81}},"204":{"start":{"line":290,"column":6},"end":{"line":290,"column":74}},"205":{"start":{"line":291,"column":9},"end":{"line":291,"column":81}},"206":{"start":{"line":292,"column":9},"end":{"line":292,"column":61}},"207":{"start":{"line":295,"column":0},"end":{"line":295,"column":139}},"208":{"start":{"line":296,"column":0},"end":{"line":296,"column":131}},"209":{"start":{"line":297,"column":0},"end":{"line":297,"column":118}},"210":{"start":{"line":299,"column":0},"end":{"line":308,"column":0}},"211":{"start":{"line":300,"column":2},"end":{"line":305,"column":61}},"212":{"start":{"line":301,"column":4},"end":{"line":301,"column":68}},"213":{"start":{"line":302,"column":4},"end":{"line":304,"column":77}},"214":{"start":{"line":303,"column":6},"end":{"line":303,"column":78}},"215":{"start":{"line":304,"column":9},"end":{"line":304,"column":77}},"216":{"start":{"line":305,"column":9},"end":{"line":305,"column":61}},"217":{"start":{"line":308,"column":0},"end":{"line":308,"column":141}},"218":{"start":{"line":309,"column":0},"end":{"line":309,"column":135}},"219":{"start":{"line":310,"column":0},"end":{"line":310,"column":121}},"220":{"start":{"line":312,"column":0},"end":{"line":323,"column":0}},"221":{"start":{"line":313,"column":2},"end":{"line":320,"column":61}},"222":{"start":{"line":314,"column":4},"end":{"line":316,"column":5}},"223":{"start":{"line":315,"column":6},"end":{"line":315,"column":67}},"224":{"start":{"line":317,"column":4},"end":{"line":317,"column":72}},"225":{"start":{"line":318,"column":4},"end":{"line":318,"column":141}},"226":{"start":{"line":318,"column":61},"end":{"line":318,"column":141}},"227":{"start":{"line":319,"column":4},"end":{"line":319,"column":90}},"228":{"start":{"line":320,"column":9},"end":{"line":320,"column":61}},"229":{"start":{"line":323,"column":0},"end":{"line":323,"column":160}},"230":{"start":{"line":324,"column":0},"end":{"line":324,"column":171}},"231":{"start":{"line":325,"column":0},"end":{"line":325,"column":120}},"232":{"start":{"line":327,"column":0},"end":{"line":338,"column":0}},"233":{"start":{"line":328,"column":2},"end":{"line":335,"column":61}},"234":{"start":{"line":329,"column":4},"end":{"line":331,"column":5}},"235":{"start":{"line":330,"column":6},"end":{"line":330,"column":67}},"236":{"start":{"line":332,"column":4},"end":{"line":332,"column":72}},"237":{"start":{"line":333,"column":4},"end":{"line":333,"column":142}},"238":{"start":{"line":333,"column":62},"end":{"line":333,"column":142}},"239":{"start":{"line":334,"column":4},"end":{"line":334,"column":90}},"240":{"start":{"line":335,"column":9},"end":{"line":335,"column":61}},"241":{"start":{"line":338,"column":0},"end":{"line":338,"column":171}},"242":{"start":{"line":339,"column":0},"end":{"line":339,"column":170}},"243":{"start":{"line":340,"column":0},"end":{"line":340,"column":125}},"244":{"start":{"line":342,"column":0},"end":{"line":350,"column":0}},"245":{"start":{"line":343,"column":2},"end":{"line":347,"column":61}},"246":{"start":{"line":344,"column":4},"end":{"line":344,"column":72}},"247":{"start":{"line":345,"column":4},"end":{"line":345,"column":107}},"248":{"start":{"line":345,"column":35},"end":{"line":345,"column":107}},"249":{"start":{"line":346,"column":4},"end":{"line":346,"column":80}},"250":{"start":{"line":347,"column":9},"end":{"line":347,"column":61}},"251":{"start":{"line":350,"column":0},"end":{"line":350,"column":141}},"252":{"start":{"line":351,"column":0},"end":{"line":351,"column":144}},"253":{"start":{"line":352,"column":0},"end":{"line":352,"column":119}},"254":{"start":{"line":355,"column":0},"end":{"line":363,"column":0}},"255":{"start":{"line":356,"column":2},"end":{"line":359,"column":3}},"256":{"start":{"line":357,"column":5},"end":{"line":357,"column":44}},"257":{"start":{"line":358,"column":5},"end":{"line":358,"column":71}},"258":{"start":{"line":360,"column":2},"end":{"line":360,"column":76}},"259":{"start":{"line":363,"column":0},"end":{"line":374,"column":0}},"260":{"start":{"line":364,"column":2},"end":{"line":368,"column":3}},"261":{"start":{"line":365,"column":4},"end":{"line":365,"column":68}},"262":{"start":{"line":366,"column":4},"end":{"line":366,"column":42}},"263":{"start":{"line":367,"column":4},"end":{"line":367,"column":86}},"264":{"start":{"line":369,"column":2},"end":{"line":369,"column":76}}},"branchMap":{"1":{"line":5,"type":"binary-expr","locations":[{"start":{"line":5,"column":10},"end":{"line":5,"column":17}},{"start":{"line":5,"column":19},"end":{"line":5,"column":21}}]},"2":{"line":9,"type":"if","locations":[{"start":{"line":9,"column":6},"end":{"line":9,"column":6}},{"start":{"line":9,"column":6},"end":{"line":9,"column":6}}]},"3":{"line":42,"type":"if","locations":[{"start":{"line":42,"column":4},"end":{"line":42,"column":4}},{"start":{"line":42,"column":4},"end":{"line":42,"column":4}}]},"4":{"line":45,"type":"if","locations":[{"start":{"line":45,"column":6},"end":{"line":45,"column":6}},{"start":{"line":45,"column":6},"end":{"line":45,"column":6}}]},"5":{"line":49,"type":"if","locations":[{"start":{"line":49,"column":12},"end":{"line":49,"column":12}},{"start":{"line":49,"column":12},"end":{"line":49,"column":12}}]},"6":{"line":53,"type":"if","locations":[{"start":{"line":53,"column":10},"end":{"line":53,"column":10}},{"start":{"line":53,"column":10},"end":{"line":53,"column":10}}]},"7":{"line":58,"type":"if","locations":[{"start":{"line":58,"column":13},"end":{"line":58,"column":13}},{"start":{"line":58,"column":13},"end":{"line":58,"column":13}}]},"8":{"line":60,"type":"if","locations":[{"start":{"line":60,"column":10},"end":{"line":60,"column":10}},{"start":{"line":60,"column":10},"end":{"line":60,"column":10}}]},"9":{"line":60,"type":"binary-expr","locations":[{"start":{"line":60,"column":13},"end":{"line":60,"column":24}},{"start":{"line":60,"column":28},"end":{"line":60,"column":40}}]},"10":{"line":62,"type":"if","locations":[{"start":{"line":62,"column":15},"end":{"line":62,"column":15}},{"start":{"line":62,"column":15},"end":{"line":62,"column":15}}]},"11":{"line":64,"type":"if","locations":[{"start":{"line":64,"column":10},"end":{"line":64,"column":10}},{"start":{"line":64,"column":10},"end":{"line":64,"column":10}}]},"12":{"line":66,"type":"if","locations":[{"start":{"line":66,"column":12},"end":{"line":66,"column":12}},{"start":{"line":66,"column":12},"end":{"line":66,"column":12}}]},"13":{"line":68,"type":"if","locations":[{"start":{"line":68,"column":17},"end":{"line":68,"column":17}},{"start":{"line":68,"column":17},"end":{"line":68,"column":17}}]},"14":{"line":70,"type":"if","locations":[{"start":{"line":70,"column":12},"end":{"line":70,"column":12}},{"start":{"line":70,"column":12},"end":{"line":70,"column":12}}]},"15":{"line":72,"type":"if","locations":[{"start":{"line":72,"column":17},"end":{"line":72,"column":17}},{"start":{"line":72,"column":17},"end":{"line":72,"column":17}}]},"16":{"line":85,"type":"if","locations":[{"start":{"line":85,"column":2},"end":{"line":85,"column":2}},{"start":{"line":85,"column":2},"end":{"line":85,"column":2}}]},"17":{"line":85,"type":"binary-expr","locations":[{"start":{"line":85,"column":5},"end":{"line":85,"column":17}},{"start":{"line":85,"column":21},"end":{"line":85,"column":38}}]},"18":{"line":96,"type":"if","locations":[{"start":{"line":96,"column":2},"end":{"line":96,"column":2}},{"start":{"line":96,"column":2},"end":{"line":96,"column":2}}]},"19":{"line":98,"type":"if","locations":[{"start":{"line":98,"column":6},"end":{"line":98,"column":6}},{"start":{"line":98,"column":6},"end":{"line":98,"column":6}}]},"20":{"line":124,"type":"if","locations":[{"start":{"line":124,"column":2},"end":{"line":124,"column":2}},{"start":{"line":124,"column":2},"end":{"line":124,"column":2}}]},"21":{"line":127,"type":"if","locations":[{"start":{"line":127,"column":2},"end":{"line":127,"column":2}},{"start":{"line":127,"column":2},"end":{"line":127,"column":2}}]},"22":{"line":128,"type":"if","locations":[{"start":{"line":128,"column":4},"end":{"line":128,"column":4}},{"start":{"line":128,"column":4},"end":{"line":128,"column":4}}]},"23":{"line":129,"type":"if","locations":[{"start":{"line":129,"column":6},"end":{"line":129,"column":6}},{"start":{"line":129,"column":6},"end":{"line":129,"column":6}}]},"24":{"line":130,"type":"if","locations":[{"start":{"line":130,"column":6},"end":{"line":130,"column":6}},{"start":{"line":130,"column":6},"end":{"line":130,"column":6}}]},"25":{"line":142,"type":"if","locations":[{"start":{"line":142,"column":2},"end":{"line":142,"column":2}},{"start":{"line":142,"column":2},"end":{"line":142,"column":2}}]},"26":{"line":151,"type":"if","locations":[{"start":{"line":151,"column":2},"end":{"line":151,"column":2}},{"start":{"line":151,"column":2},"end":{"line":151,"column":2}}]},"27":{"line":161,"type":"if","locations":[{"start":{"line":161,"column":2},"end":{"line":161,"column":2}},{"start":{"line":161,"column":2},"end":{"line":161,"column":2}}]},"28":{"line":170,"type":"if","locations":[{"start":{"line":170,"column":2},"end":{"line":170,"column":2}},{"start":{"line":170,"column":2},"end":{"line":170,"column":2}}]},"29":{"line":179,"type":"if","locations":[{"start":{"line":179,"column":2},"end":{"line":179,"column":2}},{"start":{"line":179,"column":2},"end":{"line":179,"column":2}}]},"30":{"line":182,"type":"if","locations":[{"start":{"line":182,"column":2},"end":{"line":182,"column":2}},{"start":{"line":182,"column":2},"end":{"line":182,"column":2}}]},"31":{"line":192,"type":"if","locations":[{"start":{"line":192,"column":2},"end":{"line":192,"column":2}},{"start":{"line":192,"column":2},"end":{"line":192,"column":2}}]},"32":{"line":195,"type":"if","locations":[{"start":{"line":195,"column":2},"end":{"line":195,"column":2}},{"start":{"line":195,"column":2},"end":{"line":195,"column":2}}]},"33":{"line":205,"type":"if","locations":[{"start":{"line":205,"column":2},"end":{"line":205,"column":2}},{"start":{"line":205,"column":2},"end":{"line":205,"column":2}}]},"34":{"line":214,"type":"if","locations":[{"start":{"line":214,"column":2},"end":{"line":214,"column":2}},{"start":{"line":214,"column":2},"end":{"line":214,"column":2}}]},"35":{"line":217,"type":"if","locations":[{"start":{"line":217,"column":2},"end":{"line":217,"column":2}},{"start":{"line":217,"column":2},"end":{"line":217,"column":2}}]},"36":{"line":219,"type":"if","locations":[{"start":{"line":219,"column":4},"end":{"line":219,"column":4}},{"start":{"line":219,"column":4},"end":{"line":219,"column":4}}]},"37":{"line":220,"type":"if","locations":[{"start":{"line":220,"column":6},"end":{"line":220,"column":6}},{"start":{"line":220,"column":6},"end":{"line":220,"column":6}}]},"38":{"line":237,"type":"if","locations":[{"start":{"line":237,"column":2},"end":{"line":237,"column":2}},{"start":{"line":237,"column":2},"end":{"line":237,"column":2}}]},"39":{"line":241,"type":"if","locations":[{"start":{"line":241,"column":2},"end":{"line":241,"column":2}},{"start":{"line":241,"column":2},"end":{"line":241,"column":2}}]},"40":{"line":244,"type":"if","locations":[{"start":{"line":244,"column":2},"end":{"line":244,"column":2}},{"start":{"line":244,"column":2},"end":{"line":244,"column":2}}]},"41":{"line":245,"type":"if","locations":[{"start":{"line":245,"column":4},"end":{"line":245,"column":4}},{"start":{"line":245,"column":4},"end":{"line":245,"column":4}}]},"42":{"line":245,"type":"binary-expr","locations":[{"start":{"line":245,"column":7},"end":{"line":245,"column":38}},{"start":{"line":245,"column":42},"end":{"line":245,"column":62}}]},"43":{"line":246,"type":"if","locations":[{"start":{"line":246,"column":4},"end":{"line":246,"column":4}},{"start":{"line":246,"column":4},"end":{"line":246,"column":4}}]},"44":{"line":246,"type":"binary-expr","locations":[{"start":{"line":246,"column":7},"end":{"line":246,"column":38}},{"start":{"line":246,"column":42},"end":{"line":246,"column":62}}]},"45":{"line":247,"type":"if","locations":[{"start":{"line":247,"column":4},"end":{"line":247,"column":4}},{"start":{"line":247,"column":4},"end":{"line":247,"column":4}}]},"46":{"line":247,"type":"binary-expr","locations":[{"start":{"line":247,"column":7},"end":{"line":247,"column":38}},{"start":{"line":247,"column":42},"end":{"line":247,"column":73}}]},"47":{"line":249,"type":"if","locations":[{"start":{"line":249,"column":4},"end":{"line":249,"column":4}},{"start":{"line":249,"column":4},"end":{"line":249,"column":4}}]},"48":{"line":251,"type":"if","locations":[{"start":{"line":251,"column":4},"end":{"line":251,"column":4}},{"start":{"line":251,"column":4},"end":{"line":251,"column":4}}]},"49":{"line":264,"type":"if","locations":[{"start":{"line":264,"column":2},"end":{"line":264,"column":2}},{"start":{"line":264,"column":2},"end":{"line":264,"column":2}}]},"50":{"line":267,"type":"if","locations":[{"start":{"line":267,"column":2},"end":{"line":267,"column":2}},{"start":{"line":267,"column":2},"end":{"line":267,"column":2}}]},"51":{"line":269,"type":"if","locations":[{"start":{"line":269,"column":4},"end":{"line":269,"column":4}},{"start":{"line":269,"column":4},"end":{"line":269,"column":4}}]},"52":{"line":270,"type":"if","locations":[{"start":{"line":270,"column":6},"end":{"line":270,"column":6}},{"start":{"line":270,"column":6},"end":{"line":270,"column":6}}]},"53":{"line":287,"type":"if","locations":[{"start":{"line":287,"column":2},"end":{"line":287,"column":2}},{"start":{"line":287,"column":2},"end":{"line":287,"column":2}}]},"54":{"line":289,"type":"if","locations":[{"start":{"line":289,"column":4},"end":{"line":289,"column":4}},{"start":{"line":289,"column":4},"end":{"line":289,"column":4}}]},"55":{"line":300,"type":"if","locations":[{"start":{"line":300,"column":2},"end":{"line":300,"column":2}},{"start":{"line":300,"column":2},"end":{"line":300,"column":2}}]},"56":{"line":302,"type":"if","locations":[{"start":{"line":302,"column":4},"end":{"line":302,"column":4}},{"start":{"line":302,"column":4},"end":{"line":302,"column":4}}]},"57":{"line":313,"type":"if","locations":[{"start":{"line":313,"column":2},"end":{"line":313,"column":2}},{"start":{"line":313,"column":2},"end":{"line":313,"column":2}}]},"58":{"line":314,"type":"if","locations":[{"start":{"line":314,"column":4},"end":{"line":314,"column":4}},{"start":{"line":314,"column":4},"end":{"line":314,"column":4}}]},"59":{"line":318,"type":"if","locations":[{"start":{"line":318,"column":4},"end":{"line":318,"column":4}},{"start":{"line":318,"column":4},"end":{"line":318,"column":4}}]},"60":{"line":328,"type":"if","locations":[{"start":{"line":328,"column":2},"end":{"line":328,"column":2}},{"start":{"line":328,"column":2},"end":{"line":328,"column":2}}]},"61":{"line":329,"type":"if","locations":[{"start":{"line":329,"column":4},"end":{"line":329,"column":4}},{"start":{"line":329,"column":4},"end":{"line":329,"column":4}}]},"62":{"line":333,"type":"if","locations":[{"start":{"line":333,"column":4},"end":{"line":333,"column":4}},{"start":{"line":333,"column":4},"end":{"line":333,"column":4}}]},"63":{"line":343,"type":"if","locations":[{"start":{"line":343,"column":2},"end":{"line":343,"column":2}},{"start":{"line":343,"column":2},"end":{"line":343,"column":2}}]},"64":{"line":345,"type":"if","locations":[{"start":{"line":345,"column":4},"end":{"line":345,"column":4}},{"start":{"line":345,"column":4},"end":{"line":345,"column":4}}]},"65":{"line":356,"type":"if","locations":[{"start":{"line":356,"column":2},"end":{"line":356,"column":2}},{"start":{"line":356,"column":2},"end":{"line":356,"column":2}}]},"66":{"line":364,"type":"if","locations":[{"start":{"line":364,"column":2},"end":{"line":364,"column":2}},{"start":{"line":364,"column":2},"end":{"line":364,"column":2}}]}}},"/Users/celer/Project/hopjs-all/hopjs-wf/lib/context.js":{"path":"/Users/celer/Project/hopjs-all/hopjs-wf/lib/context.js","s":{"1":1,"2":1,"3":1,"4":1,"5":1,"6":1,"7":1,"8":7,"9":7,"10":1,"11":4,"12":4,"13":4,"14":4,"15":4,"16":0,"17":0,"18":1,"19":0,"20":1,"21":0,"22":1,"23":0,"24":1,"25":18,"26":1,"27":10,"28":1,"29":18,"30":14,"31":4,"32":18,"33":1,"34":0,"35":1,"36":11,"37":11,"38":11,"39":11,"40":29,"41":11,"42":29,"43":18,"44":18,"45":18,"46":11,"47":11,"48":1,"49":0,"50":0,"51":1,"52":0,"53":0,"54":0,"55":0,"56":0,"57":0,"58":0,"59":0,"60":0,"61":0,"62":0,"63":1,"64":0,"65":0,"66":1,"67":0,"68":0},"b":{"1":[4,0],"2":[4,0],"3":[14,4],"4":[11,11],"5":[18,11],"6":[0,0],"7":[0,0]},"f":{"1":1,"2":7,"3":4,"4":0,"5":0,"6":0,"7":18,"8":10,"9":18,"10":4,"11":0,"12":11,"13":29,"14":29,"15":18,"16":0,"17":0,"18":0,"19":0,"20":0,"21":0},"fnMap":{"1":{"name":"(anonymous_1)","line":4,"loc":{"start":{"line":4,"column":17},"end":{"line":4,"column":27}}},"2":{"name":"(anonymous_2)","line":10,"loc":{"start":{"line":10,"column":37},"end":{"line":10,"column":57}}},"3":{"name":"(anonymous_3)","line":15,"loc":{"start":{"line":15,"column":37},"end":{"line":15,"column":51}}},"4":{"name":"(anonymous_4)","line":30,"loc":{"start":{"line":30,"column":37},"end":{"line":30,"column":53}}},"5":{"name":"(anonymous_5)","line":34,"loc":{"start":{"line":34,"column":36},"end":{"line":34,"column":46}}},"6":{"name":"(anonymous_6)","line":38,"loc":{"start":{"line":38,"column":33},"end":{"line":38,"column":43}}},"7":{"name":"(anonymous_7)","line":42,"loc":{"start":{"line":42,"column":39},"end":{"line":42,"column":53}}},"8":{"name":"(anonymous_8)","line":46,"loc":{"start":{"line":46,"column":46},"end":{"line":46,"column":68}}},"9":{"name":"(anonymous_9)","line":50,"loc":{"start":{"line":50,"column":42},"end":{"line":50,"column":80}}},"10":{"name":"(anonymous_10)","line":52,"loc":{"start":{"line":52,"column":32},"end":{"line":52,"column":48}}},"11":{"name":"(anonymous_11)","line":59,"loc":{"start":{"line":59,"column":38},"end":{"line":59,"column":55}}},"12":{"name":"(anonymous_12)","line":63,"loc":{"start":{"line":63,"column":31},"end":{"line":63,"column":58}}},"13":{"name":"(anonymous_13)","line":67,"loc":{"start":{"line":67,"column":30},"end":{"line":67,"column":44}}},"14":{"name":"(anonymous_14)","line":69,"loc":{"start":{"line":69,"column":11},"end":{"line":69,"column":21}}},"15":{"name":"(anonymous_15)","line":71,"loc":{"start":{"line":71,"column":27},"end":{"line":71,"column":37}}},"16":{"name":"(anonymous_16)","line":85,"loc":{"start":{"line":85,"column":33},"end":{"line":85,"column":60}}},"17":{"name":"(anonymous_17)","line":90,"loc":{"start":{"line":90,"column":32},"end":{"line":90,"column":59}}},"18":{"name":"(anonymous_18)","line":96,"loc":{"start":{"line":96,"column":25},"end":{"line":96,"column":35}}},"19":{"name":"(anonymous_19)","line":110,"loc":{"start":{"line":110,"column":31},"end":{"line":110,"column":55}}},"20":{"name":"(anonymous_20)","line":111,"loc":{"start":{"line":111,"column":28},"end":{"line":111,"column":45}}},"21":{"name":"(anonymous_21)","line":116,"loc":{"start":{"line":116,"column":30},"end":{"line":116,"column":63}}}},"statementMap":{"1":{"start":{"line":1,"column":0},"end":{"line":1,"column":33}},"2":{"start":{"line":2,"column":0},"end":{"line":2,"column":42}},"3":{"start":{"line":4,"column":0},"end":{"line":10,"column":0}},"4":{"start":{"line":5,"column":2},"end":{"line":5,"column":16}},"5":{"start":{"line":6,"column":2},"end":{"line":6,"column":17}},"6":{"start":{"line":7,"column":2},"end":{"line":7,"column":14}},"7":{"start":{"line":10,"column":0},"end":{"line":15,"column":0}},"8":{"start":{"line":11,"column":2},"end":{"line":11,"column":26}},"9":{"start":{"line":12,"column":2},"end":{"line":12,"column":15}},"10":{"start":{"line":15,"column":0},"end":{"line":30,"column":0}},"11":{"start":{"line":16,"column":2},"end":{"line":27,"column":24}},"12":{"start":{"line":17,"column":4},"end":{"line":25,"column":5}},"13":{"start":{"line":18,"column":6},"end":{"line":24,"column":7}},"14":{"start":{"line":19,"column":8},"end":{"line":23,"column":9}},"15":{"start":{"line":20,"column":10},"end":{"line":20,"column":28}},"16":{"start":{"line":22,"column":10},"end":{"line":22,"column":27}},"17":{"start":{"line":27,"column":7},"end":{"line":27,"column":24}},"18":{"start":{"line":30,"column":0},"end":{"line":34,"column":0}},"19":{"start":{"line":31,"column":2},"end":{"line":31,"column":47}},"20":{"start":{"line":34,"column":0},"end":{"line":38,"column":0}},"21":{"start":{"line":35,"column":2},"end":{"line":35,"column":21}},"22":{"start":{"line":38,"column":0},"end":{"line":42,"column":0}},"23":{"start":{"line":39,"column":2},"end":{"line":39,"column":23}},"24":{"start":{"line":42,"column":0},"end":{"line":46,"column":0}},"25":{"start":{"line":43,"column":2},"end":{"line":43,"column":39}},"26":{"start":{"line":46,"column":0},"end":{"line":50,"column":0}},"27":{"start":{"line":47,"column":2},"end":{"line":47,"column":33}},"28":{"start":{"line":50,"column":0},"end":{"line":59,"column":0}},"29":{"start":{"line":51,"column":2},"end":{"line":55,"column":3}},"30":{"start":{"line":52,"column":4},"end":{"line":54,"column":7}},"31":{"start":{"line":53,"column":6},"end":{"line":53,"column":66}},"32":{"start":{"line":56,"column":2},"end":{"line":56,"column":44}},"33":{"start":{"line":59,"column":0},"end":{"line":63,"column":0}},"34":{"start":{"line":60,"column":2},"end":{"line":60,"column":25}},"35":{"start":{"line":63,"column":0},"end":{"line":85,"column":0}},"36":{"start":{"line":64,"column":2},"end":{"line":64,"column":18}},"37":{"start":{"line":65,"column":2},"end":{"line":65,"column":27}},"38":{"start":{"line":66,"column":2},"end":{"line":66,"column":15}},"39":{"start":{"line":67,"column":2},"end":{"line":67,"column":55}},"40":{"start":{"line":67,"column":46},"end":{"line":67,"column":53}},"41":{"start":{"line":69,"column":2},"end":{"line":80,"column":2}},"42":{"start":{"line":70,"column":4},"end":{"line":77,"column":5}},"43":{"start":{"line":71,"column":6},"end":{"line":74,"column":9}},"44":{"start":{"line":72,"column":8},"end":{"line":72,"column":15}},"45":{"start":{"line":73,"column":8},"end":{"line":73,"column":22}},"46":{"start":{"line":76,"column":6},"end":{"line":76,"column":19}},"47":{"start":{"line":80,"column":2},"end":{"line":80,"column":16}},"48":{"start":{"line":85,"column":0},"end":{"line":90,"column":0}},"49":{"start":{"line":86,"column":2},"end":{"line":86,"column":25}},"50":{"start":{"line":87,"column":2},"end":{"line":87,"column":15}},"51":{"start":{"line":90,"column":0},"end":{"line":110,"column":0}},"52":{"start":{"line":91,"column":2},"end":{"line":91,"column":18}},"53":{"start":{"line":92,"column":2},"end":{"line":92,"column":40}},"54":{"start":{"line":93,"column":2},"end":{"line":93,"column":31}},"55":{"start":{"line":95,"column":2},"end":{"line":107,"column":3}},"56":{"start":{"line":96,"column":4},"end":{"line":99,"column":7}},"57":{"start":{"line":97,"column":6},"end":{"line":97,"column":26}},"58":{"start":{"line":98,"column":6},"end":{"line":98,"column":15}},"59":{"start":{"line":101,"column":4},"end":{"line":106,"column":5}},"60":{"start":{"line":102,"column":6},"end":{"line":102,"column":25}},"61":{"start":{"line":103,"column":6},"end":{"line":103,"column":42}},"62":{"start":{"line":105,"column":6},"end":{"line":105,"column":19}},"63":{"start":{"line":110,"column":0},"end":{"line":116,"column":0}},"64":{"start":{"line":111,"column":2},"end":{"line":113,"column":5}},"65":{"start":{"line":112,"column":4},"end":{"line":112,"column":31}},"66":{"start":{"line":116,"column":0},"end":{"line":122,"column":0}},"67":{"start":{"line":117,"column":2},"end":{"line":117,"column":31}},"68":{"start":{"line":118,"column":2},"end":{"line":118,"column":54}}},"branchMap":{"1":{"line":16,"type":"if","locations":[{"start":{"line":16,"column":2},"end":{"line":16,"column":2}},{"start":{"line":16,"column":2},"end":{"line":16,"column":2}}]},"2":{"line":17,"type":"if","locations":[{"start":{"line":17,"column":4},"end":{"line":17,"column":4}},{"start":{"line":17,"column":4},"end":{"line":17,"column":4}}]},"3":{"line":51,"type":"if","locations":[{"start":{"line":51,"column":2},"end":{"line":51,"column":2}},{"start":{"line":51,"column":2},"end":{"line":51,"column":2}}]},"4":{"line":67,"type":"binary-expr","locations":[{"start":{"line":67,"column":16},"end":{"line":67,"column":28}},{"start":{"line":67,"column":30},"end":{"line":67,"column":54}}]},"5":{"line":70,"type":"if","locations":[{"start":{"line":70,"column":4},"end":{"line":70,"column":4}},{"start":{"line":70,"column":4},"end":{"line":70,"column":4}}]},"6":{"line":95,"type":"if","locations":[{"start":{"line":95,"column":2},"end":{"line":95,"column":2}},{"start":{"line":95,"column":2},"end":{"line":95,"column":2}}]},"7":{"line":101,"type":"if","locations":[{"start":{"line":101,"column":4},"end":{"line":101,"column":4}},{"start":{"line":101,"column":4},"end":{"line":101,"column":4}}]}}},"/Users/celer/Project/hopjs-all/hopjs-wf/lib/remote.js":{"path":"/Users/celer/Project/hopjs-all/hopjs-wf/lib/remote.js","s":{"1":1,"2":1,"3":1,"4":1,"5":1,"6":1,"7":1,"8":1,"9":19,"10":19},"b":{},"f":{"1":1,"2":1,"3":19},"fnMap":{"1":{"name":"(anonymous_1)","line":5,"loc":{"start":{"line":5,"column":31},"end":{"line":5,"column":55}}},"2":{"name":"(anonymous_2)","line":6,"loc":{"start":{"line":6,"column":28},"end":{"line":6,"column":45}}},"3":{"name":"(anonymous_3)","line":12,"loc":{"start":{"line":12,"column":30},"end":{"line":12,"column":63}}}},"statementMap":{"1":{"start":{"line":1,"column":0},"end":{"line":1,"column":42}},"2":{"start":{"line":2,"column":0},"end":{"line":2,"column":33}},"3":{"start":{"line":3,"column":0},"end":{"line":3,"column":21}},"4":{"start":{"line":5,"column":0},"end":{"line":12,"column":0}},"5":{"start":{"line":6,"column":2},"end":{"line":9,"column":5}},"6":{"start":{"line":7,"column":4},"end":{"line":7,"column":25}},"7":{"start":{"line":8,"column":4},"end":{"line":8,"column":31}},"8":{"start":{"line":12,"column":0},"end":{"line":18,"column":0}},"9":{"start":{"line":13,"column":2},"end":{"line":13,"column":31}},"10":{"start":{"line":14,"column":2},"end":{"line":14,"column":51}}},"branchMap":{}}}