TN:
SF:/Users/celer/Project/hopjs-all/hopjs-wf/lib/test2.js
FN:16,(anonymous_1)
FN:20,(anonymous_2)
FN:28,(anonymous_3)
FN:29,(anonymous_4)
FN:31,(anonymous_5)
FN:39,(anonymous_6)
FNF:6
FNH:6
FNDA:1,(anonymous_1)
FNDA:1,(anonymous_2)
FNDA:1,(anonymous_3)
FNDA:1,(anonymous_4)
FNDA:1,(anonymous_5)
FNDA:1,(anonymous_6)
DA:1,1
DA:2,1
DA:3,1
DA:4,1
DA:5,1
DA:11,1
DA:12,1
DA:14,1
DA:15,1
DA:16,1
DA:17,1
DA:20,1
DA:21,1
DA:24,1
DA:26,1
DA:28,1
DA:29,1
DA:30,1
DA:32,1
DA:36,1
DA:39,1
DA:40,1
LF:22
LH:22
BRF:0
BRH:0
end_of_record
TN:
SF:/Users/celer/Project/hopjs-all/hopjs-wf/lib/core.js
FN:10,(anonymous_1)
FN:15,(anonymous_2)
FN:52,(anonymous_3)
FN:60,(anonymous_4)
FN:81,(anonymous_5)
FNF:5
FNH:4
FNDA:1,(anonymous_1)
FNDA:1,(anonymous_2)
FNDA:54,(anonymous_3)
FNDA:0,(anonymous_4)
FNDA:6,(anonymous_5)
DA:2,1
DA:10,1
DA:11,1
DA:13,1
DA:15,1
DA:16,1
DA:17,1
DA:18,1
DA:19,0
DA:21,1
DA:26,1
DA:27,1
DA:52,1
DA:53,54
DA:54,0
DA:55,0
DA:59,54
DA:60,0
DA:61,0
DA:63,54
DA:64,16
DA:65,48
DA:66,48
DA:68,16
DA:69,38
DA:70,33
DA:71,33
DA:72,0
DA:73,0
DA:76,33
DA:78,5
DA:81,1
DA:82,6
DA:84,6
DA:85,0
DA:87,6
DA:88,6
DA:89,1
DA:90,1
DA:91,1
DA:93,6
DA:94,6
DA:98,1
LF:43
LH:35
BRDA:11,1,0,0
BRDA:11,1,1,1
BRDA:18,2,0,0
BRDA:18,2,1,1
BRDA:18,3,0,1
BRDA:18,3,1,1
BRDA:18,3,2,0
BRDA:53,4,0,0
BRDA:53,4,1,54
BRDA:53,5,0,54
BRDA:53,5,1,33
BRDA:54,6,0,0
BRDA:54,6,1,0
BRDA:54,7,0,0
BRDA:54,7,1,0
BRDA:59,8,0,0
BRDA:59,8,1,54
BRDA:63,9,0,16
BRDA:63,9,1,38
BRDA:69,10,0,33
BRDA:69,10,1,5
BRDA:71,11,0,0
BRDA:71,11,1,33
BRDA:71,12,0,33
BRDA:71,12,1,0
BRDA:84,13,0,0
BRDA:84,13,1,6
BRDA:87,14,0,4
BRDA:87,14,1,2
BRDA:89,15,0,0
BRDA:89,15,1,1
BRDA:90,16,0,0
BRDA:90,16,1,1
BRF:33
BRH:19
end_of_record
TN:
SF:/Users/celer/Project/hopjs-all/hopjs-wf/lib/script.js
FN:3,(anonymous_1)
FN:11,(anonymous_2)
FN:13,(anonymous_3)
FN:21,(anonymous_4)
FN:27,(anonymous_5)
FN:33,(anonymous_6)
FN:39,(anonymous_7)
FN:46,(anonymous_8)
FN:52,(anonymous_9)
FN:58,(anonymous_10)
FN:64,(anonymous_11)
FN:70,(anonymous_12)
FN:76,(anonymous_13)
FNF:13
FNH:6
FNDA:6,(anonymous_1)
FNDA:0,(anonymous_2)
FNDA:0,(anonymous_3)
FNDA:1,(anonymous_4)
FNDA:1,(anonymous_5)
FNDA:8,(anonymous_6)
FNDA:1,(anonymous_7)
FNDA:1,(anonymous_8)
FNDA:0,(anonymous_9)
FNDA:0,(anonymous_10)
FNDA:0,(anonymous_11)
FNDA:0,(anonymous_12)
FNDA:0,(anonymous_13)
DA:1,1
DA:3,1
DA:4,6
DA:5,6
DA:6,6
DA:7,0
DA:8,0
DA:9,0
DA:10,0
DA:11,0
DA:12,0
DA:13,0
DA:14,0
DA:21,1
DA:22,1
DA:23,1
DA:24,1
DA:27,1
DA:28,1
DA:29,1
DA:30,1
DA:33,1
DA:34,8
DA:35,8
DA:36,8
DA:39,1
DA:40,1
DA:41,1
DA:42,1
DA:46,1
DA:47,1
DA:48,1
DA:49,1
DA:52,1
DA:53,0
DA:54,0
DA:55,0
DA:58,1
DA:59,0
DA:60,0
DA:61,0
DA:64,1
DA:65,0
DA:66,0
DA:67,0
DA:70,1
DA:71,0
DA:72,0
DA:73,0
DA:76,1
DA:77,0
LF:51
LH:30
BRDA:4,1,0,6
BRDA:4,1,1,0
BRDA:7,2,0,0
BRDA:7,2,1,0
BRDA:12,3,0,0
BRDA:12,3,1,0
BRDA:12,4,0,0
BRDA:12,4,1,0
BRF:8
BRH:1
end_of_record
TN:
SF:/Users/celer/Project/hopjs-all/hopjs-wf/lib/task.js
FN:4,(anonymous_1)
FN:26,(anonymous_2)
FN:29,(anonymous_3)
FN:35,(anonymous_4)
FN:42,(anonymous_5)
FN:53,(anonymous_6)
FN:57,(anonymous_7)
FN:76,(anonymous_8)
FN:81,(anonymous_9)
FN:88,(anonymous_10)
FN:95,(anonymous_11)
FN:102,(anonymous_12)
FN:107,(anonymous_13)
FN:113,(anonymous_14)
FN:117,(anonymous_15)
FN:121,(anonymous_16)
FN:125,(anonymous_17)
FN:129,(anonymous_18)
FN:133,(anonymous_19)
FN:137,(anonymous_20)
FN:141,(anonymous_21)
FN:145,(anonymous_22)
FN:149,(anonymous_23)
FN:153,(anonymous_24)
FN:157,(anonymous_25)
FN:161,(anonymous_26)
FN:165,(anonymous_27)
FN:169,(anonymous_28)
FN:173,(anonymous_29)
FN:177,(anonymous_30)
FN:181,(anonymous_31)
FN:187,(anonymous_32)
FN:195,(anonymous_33)
FN:199,(anonymous_34)
FN:204,(anonymous_35)
FN:214,(anonymous_36)
FN:218,(anonymous_37)
FN:224,(anonymous_38)
FN:225,(anonymous_39)
FN:245,(anonymous_40)
FN:253,(anonymous_41)
FN:257,(anonymous_42)
FN:262,(anonymous_43)
FN:269,(anonymous_44)
FN:279,(anonymous_45)
FN:283,(anonymous_46)
FN:286,(anonymous_47)
FN:288,(anonymous_48)
FN:300,(anonymous_49)
FN:312,(anonymous_50)
FN:316,(anonymous_51)
FN:325,(anonymous_52)
FN:329,(anonymous_53)
FN:341,(anonymous_54)
FN:345,(anonymous_55)
FN:360,(anonymous_56)
FN:368,(anonymous_57)
FN:371,(anonymous_58)
FN:382,(anonymous_59)
FN:390,(anonymous_60)
FN:398,(anonymous_61)
FNF:61
FNH:38
FNDA:13,(anonymous_1)
FNDA:18,(anonymous_2)
FNDA:18,(anonymous_3)
FNDA:3,(anonymous_4)
FNDA:0,(anonymous_5)
FNDA:0,(anonymous_6)
FNDA:19,(anonymous_7)
FNDA:5,(anonymous_8)
FNDA:0,(anonymous_9)
FNDA:2,(anonymous_10)
FNDA:1,(anonymous_11)
FNDA:0,(anonymous_12)
FNDA:4,(anonymous_13)
FNDA:0,(anonymous_14)
FNDA:0,(anonymous_15)
FNDA:1,(anonymous_16)
FNDA:0,(anonymous_17)
FNDA:0,(anonymous_18)
FNDA:0,(anonymous_19)
FNDA:0,(anonymous_20)
FNDA:0,(anonymous_21)
FNDA:0,(anonymous_22)
FNDA:0,(anonymous_23)
FNDA:0,(anonymous_24)
FNDA:0,(anonymous_25)
FNDA:0,(anonymous_26)
FNDA:0,(anonymous_27)
FNDA:0,(anonymous_28)
FNDA:1,(anonymous_29)
FNDA:2,(anonymous_30)
FNDA:1,(anonymous_31)
FNDA:1,(anonymous_32)
FNDA:1,(anonymous_33)
FNDA:1,(anonymous_34)
FNDA:1,(anonymous_35)
FNDA:1,(anonymous_36)
FNDA:1,(anonymous_37)
FNDA:6,(anonymous_38)
FNDA:6,(anonymous_39)
FNDA:8,(anonymous_40)
FNDA:13,(anonymous_41)
FNDA:13,(anonymous_42)
FNDA:13,(anonymous_43)
FNDA:1,(anonymous_44)
FNDA:1,(anonymous_45)
FNDA:1,(anonymous_46)
FNDA:6,(anonymous_47)
FNDA:5,(anonymous_48)
FNDA:1,(anonymous_49)
FNDA:1,(anonymous_50)
FNDA:1,(anonymous_51)
FNDA:0,(anonymous_52)
FNDA:0,(anonymous_53)
FNDA:3,(anonymous_54)
FNDA:2,(anonymous_55)
FNDA:1,(anonymous_56)
FNDA:1,(anonymous_57)
FNDA:1,(anonymous_58)
FNDA:0,(anonymous_59)
FNDA:0,(anonymous_60)
FNDA:0,(anonymous_61)
DA:1,1
DA:2,1
DA:4,1
DA:22,13
DA:23,13
DA:26,1
DA:27,18
DA:28,18
DA:29,18
DA:30,18
DA:32,18
DA:33,18
DA:34,3
DA:35,3
DA:36,3
DA:37,3
DA:40,18
DA:41,0
DA:42,0
DA:43,0
DA:44,0
DA:47,18
DA:48,15
DA:53,1
DA:54,0
DA:57,1
DA:58,19
DA:59,19
DA:60,19
DA:61,19
DA:62,9
DA:63,9
DA:64,9
DA:65,9
DA:66,9
DA:67,9
DA:68,9
DA:69,6
DA:70,0
DA:73,19
DA:76,1
DA:77,5
DA:78,5
DA:81,1
DA:82,0
DA:83,0
DA:84,0
DA:85,0
DA:88,1
DA:89,2
DA:90,2
DA:91,2
DA:92,2
DA:95,1
DA:96,1
DA:97,1
DA:98,1
DA:99,1
DA:102,1
DA:103,0
DA:104,0
DA:107,1
DA:108,4
DA:109,4
DA:110,4
DA:113,1
DA:114,0
DA:117,1
DA:118,0
DA:121,1
DA:122,1
DA:125,1
DA:126,0
DA:129,1
DA:130,0
DA:133,1
DA:134,0
DA:137,1
DA:138,0
DA:141,1
DA:142,0
DA:145,1
DA:146,0
DA:149,1
DA:150,0
DA:153,1
DA:154,0
DA:157,1
DA:158,0
DA:161,1
DA:162,0
DA:165,1
DA:166,0
DA:169,1
DA:170,0
DA:173,1
DA:174,1
DA:177,1
DA:178,2
DA:181,1
DA:182,1
DA:183,1
DA:187,1
DA:188,1
DA:189,1
DA:190,1
DA:192,1
DA:193,1
DA:195,1
DA:196,1
DA:199,1
DA:200,1
DA:201,1
DA:204,1
DA:205,1
DA:206,1
DA:207,1
DA:208,1
DA:211,1
DA:212,1
DA:214,1
DA:215,1
DA:218,1
DA:219,1
DA:220,1
DA:222,1
DA:223,1
DA:224,1
DA:225,6
DA:226,6
DA:227,6
DA:228,6
DA:229,6
DA:230,6
DA:231,1
DA:233,5
DA:234,5
DA:236,0
DA:240,1
DA:241,0
DA:245,1
DA:246,8
DA:247,8
DA:250,1
DA:251,1
DA:253,1
DA:254,13
DA:257,1
DA:258,13
DA:259,13
DA:261,13
DA:262,13
DA:263,13
DA:264,13
DA:266,0
DA:269,1
DA:270,1
DA:271,1
DA:272,1
DA:273,1
DA:276,1
DA:277,1
DA:279,1
DA:280,1
DA:283,1
DA:284,1
DA:285,1
DA:286,1
DA:287,6
DA:288,5
DA:289,5
DA:290,5
DA:291,5
DA:294,1
DA:297,1
DA:300,1
DA:301,1
DA:302,1
DA:303,1
DA:304,1
DA:305,1
DA:306,1
DA:309,1
DA:310,1
DA:312,1
DA:313,1
DA:316,1
DA:317,1
DA:320,1
DA:323,1
DA:324,0
DA:325,0
DA:326,0
DA:327,0
DA:328,0
DA:329,0
DA:330,0
DA:331,0
DA:334,0
DA:337,0
DA:338,1
DA:339,1
DA:340,1
DA:341,1
DA:342,3
DA:343,2
DA:344,2
DA:345,2
DA:346,2
DA:347,2
DA:350,1
DA:353,1
DA:355,0
DA:360,1
DA:361,1
DA:362,1
DA:365,1
DA:366,1
DA:368,1
DA:369,1
DA:370,1
DA:371,1
DA:373,1
DA:374,1
DA:375,7
DA:377,1
DA:379,0
DA:382,1
DA:383,0
DA:384,0
DA:387,1
DA:388,1
DA:390,1
DA:391,0
DA:392,0
DA:393,0
DA:394,0
DA:395,0
DA:396,0
DA:398,0
LF:240
LH:190
BRDA:33,1,0,3
BRDA:33,1,1,15
BRDA:33,2,0,18
BRDA:33,2,1,14
BRDA:33,2,2,5
BRDA:33,2,3,4
BRDA:33,2,4,14
BRDA:37,3,0,3
BRDA:37,3,1,0
BRDA:40,4,0,0
BRDA:40,4,1,18
BRDA:40,5,0,18
BRDA:40,5,1,14
BRDA:40,5,2,17
BRDA:40,5,3,4
BRDA:40,5,4,1
BRDA:44,6,0,0
BRDA:44,6,1,0
BRDA:47,7,0,15
BRDA:47,7,1,3
BRDA:61,8,0,9
BRDA:61,8,1,10
BRDA:64,9,0,9
BRDA:64,9,1,0
BRDA:68,10,0,6
BRDA:68,10,1,3
BRDA:108,11,0,4
BRDA:108,11,1,0
BRDA:183,12,0,1
BRDA:183,12,1,0
BRDA:207,13,0,1
BRDA:207,13,1,0
BRDA:215,14,0,1
BRDA:215,14,1,0
BRDA:215,15,0,1
BRDA:215,15,1,0
BRDA:220,16,0,1
BRDA:220,16,1,0
BRDA:222,17,0,1
BRDA:222,17,1,0
BRDA:227,18,0,6
BRDA:227,18,1,0
BRDA:228,19,0,6
BRDA:228,19,1,0
BRDA:230,20,0,1
BRDA:230,20,1,5
BRDA:259,21,0,13
BRDA:259,21,1,0
BRDA:261,22,0,13
BRDA:261,22,1,5
BRDA:287,23,0,5
BRDA:287,23,1,1
BRDA:320,24,0,1
BRDA:320,24,1,1
BRDA:323,25,0,0
BRDA:323,25,1,1
BRDA:326,26,0,0
BRDA:326,26,1,0
BRDA:338,27,0,1
BRDA:338,27,1,0
BRDA:342,28,0,2
BRDA:342,28,1,1
BRDA:370,29,0,1
BRDA:370,29,1,0
BRDA:373,30,0,0
BRDA:373,30,1,1
BRDA:392,31,0,0
BRDA:392,31,1,0
BRF:68
BRH:45
end_of_record
TN:
SF:/Users/celer/Project/hopjs-all/hopjs-wf/lib/tests.js
FN:4,(anonymous_1)
FN:7,(anonymous_2)
FN:15,(anonymous_3)
FN:20,(anonymous_4)
FN:40,(anonymous_5)
FN:41,(anonymous_6)
FN:84,(anonymous_7)
FN:95,(anonymous_8)
FN:123,(anonymous_9)
FN:141,(anonymous_10)
FN:150,(anonymous_11)
FN:160,(anonymous_12)
FN:169,(anonymous_13)
FN:178,(anonymous_14)
FN:191,(anonymous_15)
FN:204,(anonymous_16)
FN:213,(anonymous_17)
FN:236,(anonymous_18)
FN:263,(anonymous_19)
FN:286,(anonymous_20)
FN:299,(anonymous_21)
FN:312,(anonymous_22)
FN:327,(anonymous_23)
FN:342,(anonymous_24)
FN:355,(anonymous_25)
FN:363,(anonymous_26)
FNF:26
FNH:26
FNDA:64,(anonymous_1)
FNDA:58,(anonymous_2)
FNDA:26,(anonymous_3)
FNDA:38,(anonymous_4)
FNDA:56,(anonymous_5)
FNDA:206,(anonymous_6)
FNDA:26,(anonymous_7)
FNDA:8,(anonymous_8)
FNDA:4,(anonymous_9)
FNDA:2,(anonymous_10)
FNDA:2,(anonymous_11)
FNDA:8,(anonymous_12)
FNDA:2,(anonymous_13)
FNDA:4,(anonymous_14)
FNDA:4,(anonymous_15)
FNDA:2,(anonymous_16)
FNDA:6,(anonymous_17)
FNDA:6,(anonymous_18)
FNDA:6,(anonymous_19)
FNDA:3,(anonymous_20)
FNDA:3,(anonymous_21)
FNDA:3,(anonymous_22)
FNDA:3,(anonymous_23)
FNDA:3,(anonymous_24)
FNDA:2,(anonymous_25)
FNDA:1,(anonymous_26)
DA:1,1
DA:2,1
DA:4,1
DA:5,64
DA:6,64
DA:7,64
DA:8,58
DA:9,58
DA:10,51
DA:15,1
DA:16,26
DA:20,1
DA:21,38
DA:24,1
DA:40,1
DA:41,56
DA:42,206
DA:43,51
DA:45,155
DA:46,11
DA:47,36
DA:48,36
DA:49,137
DA:50,31
DA:53,36
DA:54,5
DA:57,6
DA:58,144
DA:59,37
DA:60,52
DA:61,0
DA:62,52
DA:63,6
DA:64,46
DA:65,6
DA:66,6
DA:67,2
DA:68,40
DA:69,7
DA:70,7
DA:71,2
DA:72,33
DA:73,7
DA:75,20
DA:77,107
DA:81,56
DA:84,1
DA:85,26
DA:86,26
DA:87,26
DA:88,26
DA:90,0
DA:95,1
DA:96,8
DA:97,8
DA:98,28
DA:99,6
DA:102,2
DA:105,1
DA:106,1
DA:107,1
DA:108,1
DA:109,1
DA:110,1
DA:111,1
DA:112,1
DA:113,1
DA:114,1
DA:115,1
DA:117,1
DA:118,1
DA:119,1
DA:121,1
DA:123,1
DA:124,4
DA:125,0
DA:127,4
DA:128,3
DA:129,2
DA:130,2
DA:131,1
DA:132,1
DA:135,1
DA:136,1
DA:137,1
DA:138,1
DA:141,1
DA:142,2
DA:143,1
DA:144,1
DA:147,1
DA:148,1
DA:150,1
DA:151,2
DA:152,1
DA:153,1
DA:156,1
DA:157,1
DA:160,1
DA:161,8
DA:162,1
DA:163,7
DA:166,1
DA:167,1
DA:169,1
DA:170,2
DA:171,1
DA:172,1
DA:175,1
DA:176,1
DA:178,1
DA:179,4
DA:180,0
DA:182,4
DA:183,1
DA:186,1
DA:187,1
DA:188,1
DA:189,1
DA:191,1
DA:192,4
DA:193,0
DA:195,4
DA:196,3
DA:199,1
DA:200,1
DA:201,1
DA:202,1
DA:204,1
DA:205,2
DA:206,1
DA:207,1
DA:210,1
DA:211,1
DA:213,1
DA:214,6
DA:215,0
DA:217,6
DA:218,5
DA:219,5
DA:220,4
DA:221,3
DA:222,1
DA:224,1
DA:226,1
DA:229,1
DA:230,1
DA:231,1
DA:232,1
DA:233,1
DA:234,1
DA:236,1
DA:237,6
DA:238,0
DA:239,0
DA:241,6
DA:242,1
DA:243,5
DA:244,5
DA:245,5
DA:246,4
DA:247,3
DA:248,1
DA:249,2
DA:250,1
DA:251,1
DA:252,1
DA:253,0
DA:256,1
DA:257,1
DA:258,1
DA:259,1
DA:260,1
DA:261,1
DA:263,1
DA:264,6
DA:265,0
DA:267,6
DA:268,5
DA:269,5
DA:270,4
DA:271,1
DA:272,3
DA:274,1
DA:276,1
DA:279,1
DA:280,1
DA:281,1
DA:282,1
DA:283,1
DA:284,1
DA:286,1
DA:287,3
DA:288,2
DA:289,2
DA:290,1
DA:291,1
DA:292,1
DA:295,1
DA:296,1
DA:297,1
DA:299,1
DA:300,3
DA:301,2
DA:302,2
DA:303,1
DA:304,1
DA:305,1
DA:308,1
DA:309,1
DA:310,1
DA:312,1
DA:313,3
DA:314,2
DA:315,0
DA:317,2
DA:318,2
DA:319,1
DA:320,1
DA:323,1
DA:324,1
DA:325,1
DA:327,1
DA:328,3
DA:329,2
DA:330,0
DA:332,2
DA:333,2
DA:334,1
DA:335,1
DA:338,1
DA:339,1
DA:340,1
DA:342,1
DA:343,3
DA:344,2
DA:345,2
DA:346,1
DA:347,1
DA:350,1
DA:351,1
DA:352,1
DA:355,1
DA:356,2
DA:357,2
DA:358,2
DA:360,0
DA:363,1
DA:364,1
DA:365,1
DA:366,1
DA:367,1
DA:369,0
LF:253
LH:239
BRDA:5,1,0,64
BRDA:5,1,1,20
BRDA:9,2,0,7
BRDA:9,2,1,51
BRDA:42,3,0,51
BRDA:42,3,1,155
BRDA:45,4,0,11
BRDA:45,4,1,144
BRDA:49,5,0,31
BRDA:49,5,1,106
BRDA:53,6,0,5
BRDA:53,6,1,31
BRDA:58,7,0,37
BRDA:58,7,1,107
BRDA:60,8,0,0
BRDA:60,8,1,52
BRDA:60,9,0,52
BRDA:60,9,1,52
BRDA:62,10,0,6
BRDA:62,10,1,46
BRDA:64,11,0,6
BRDA:64,11,1,40
BRDA:66,12,0,2
BRDA:66,12,1,4
BRDA:68,13,0,7
BRDA:68,13,1,33
BRDA:70,14,0,2
BRDA:70,14,1,5
BRDA:72,15,0,7
BRDA:72,15,1,26
BRDA:85,16,0,0
BRDA:85,16,1,26
BRDA:85,17,0,26
BRDA:85,17,1,26
BRDA:96,18,0,8
BRDA:96,18,1,0
BRDA:98,19,0,6
BRDA:98,19,1,22
BRDA:124,20,0,0
BRDA:124,20,1,4
BRDA:127,21,0,3
BRDA:127,21,1,1
BRDA:128,22,0,2
BRDA:128,22,1,1
BRDA:129,23,0,1
BRDA:129,23,1,1
BRDA:130,24,0,1
BRDA:130,24,1,1
BRDA:142,25,0,1
BRDA:142,25,1,1
BRDA:151,26,0,1
BRDA:151,26,1,1
BRDA:161,27,0,1
BRDA:161,27,1,7
BRDA:170,28,0,1
BRDA:170,28,1,1
BRDA:179,29,0,0
BRDA:179,29,1,4
BRDA:182,30,0,3
BRDA:182,30,1,1
BRDA:192,31,0,0
BRDA:192,31,1,4
BRDA:195,32,0,1
BRDA:195,32,1,3
BRDA:205,33,0,1
BRDA:205,33,1,1
BRDA:214,34,0,0
BRDA:214,34,1,6
BRDA:217,35,0,5
BRDA:217,35,1,1
BRDA:219,36,0,4
BRDA:219,36,1,1
BRDA:220,37,0,3
BRDA:220,37,1,1
BRDA:237,38,0,0
BRDA:237,38,1,6
BRDA:241,39,0,1
BRDA:241,39,1,5
BRDA:244,40,0,5
BRDA:244,40,1,0
BRDA:245,41,0,1
BRDA:245,41,1,4
BRDA:245,42,0,5
BRDA:245,42,1,3
BRDA:246,43,0,1
BRDA:246,43,1,3
BRDA:246,44,0,4
BRDA:246,44,1,3
BRDA:247,45,0,1
BRDA:247,45,1,2
BRDA:247,46,0,3
BRDA:247,46,1,2
BRDA:249,47,0,1
BRDA:249,47,1,1
BRDA:251,48,0,1
BRDA:251,48,1,0
BRDA:264,49,0,0
BRDA:264,49,1,6
BRDA:267,50,0,5
BRDA:267,50,1,1
BRDA:269,51,0,4
BRDA:269,51,1,1
BRDA:270,52,0,1
BRDA:270,52,1,3
BRDA:287,53,0,2
BRDA:287,53,1,1
BRDA:289,54,0,1
BRDA:289,54,1,1
BRDA:300,55,0,2
BRDA:300,55,1,1
BRDA:302,56,0,1
BRDA:302,56,1,1
BRDA:313,57,0,2
BRDA:313,57,1,1
BRDA:314,58,0,0
BRDA:314,58,1,2
BRDA:318,59,0,1
BRDA:318,59,1,1
BRDA:328,60,0,2
BRDA:328,60,1,1
BRDA:329,61,0,0
BRDA:329,61,1,2
BRDA:333,62,0,1
BRDA:333,62,1,1
BRDA:343,63,0,2
BRDA:343,63,1,1
BRDA:345,64,0,1
BRDA:345,64,1,1
BRDA:356,65,0,2
BRDA:356,65,1,0
BRDA:364,66,0,1
BRDA:364,66,1,0
BRF:132
BRH:117
end_of_record
TN:
SF:/Users/celer/Project/hopjs-all/hopjs-wf/lib/context.js
FN:4,(anonymous_1)
FN:10,(anonymous_2)
FN:15,(anonymous_3)
FN:30,(anonymous_4)
FN:34,(anonymous_5)
FN:38,(anonymous_6)
FN:42,(anonymous_7)
FN:46,(anonymous_8)
FN:50,(anonymous_9)
FN:52,(anonymous_10)
FN:59,(anonymous_11)
FN:63,(anonymous_12)
FN:67,(anonymous_13)
FN:69,(anonymous_14)
FN:71,(anonymous_15)
FN:85,(anonymous_16)
FN:90,(anonymous_17)
FN:96,(anonymous_18)
FN:110,(anonymous_19)
FN:111,(anonymous_20)
FN:116,(anonymous_21)
FNF:21
FNH:11
FNDA:1,(anonymous_1)
FNDA:7,(anonymous_2)
FNDA:4,(anonymous_3)
FNDA:0,(anonymous_4)
FNDA:0,(anonymous_5)
FNDA:0,(anonymous_6)
FNDA:18,(anonymous_7)
FNDA:10,(anonymous_8)
FNDA:18,(anonymous_9)
FNDA:4,(anonymous_10)
FNDA:0,(anonymous_11)
FNDA:11,(anonymous_12)
FNDA:29,(anonymous_13)
FNDA:29,(anonymous_14)
FNDA:18,(anonymous_15)
FNDA:0,(anonymous_16)
FNDA:0,(anonymous_17)
FNDA:0,(anonymous_18)
FNDA:0,(anonymous_19)
FNDA:0,(anonymous_20)
FNDA:0,(anonymous_21)
DA:1,1
DA:2,1
DA:4,1
DA:5,1
DA:6,1
DA:7,1
DA:10,1
DA:11,7
DA:12,7
DA:15,1
DA:16,4
DA:17,4
DA:18,4
DA:19,4
DA:20,4
DA:22,0
DA:27,0
DA:30,1
DA:31,0
DA:34,1
DA:35,0
DA:38,1
DA:39,0
DA:42,1
DA:43,18
DA:46,1
DA:47,10
DA:50,1
DA:51,18
DA:52,14
DA:53,4
DA:56,18
DA:59,1
DA:60,0
DA:63,1
DA:64,11
DA:65,11
DA:66,11
DA:67,29
DA:69,11
DA:70,29
DA:71,18
DA:72,18
DA:73,18
DA:76,11
DA:80,11
DA:85,1
DA:86,0
DA:87,0
DA:90,1
DA:91,0
DA:92,0
DA:93,0
DA:95,0
DA:96,0
DA:97,0
DA:98,0
DA:101,0
DA:102,0
DA:103,0
DA:105,0
DA:110,1
DA:111,0
DA:112,0
DA:116,1
DA:117,0
DA:118,0
LF:67
LH:44
BRDA:16,1,0,4
BRDA:16,1,1,0
BRDA:17,2,0,4
BRDA:17,2,1,0
BRDA:51,3,0,14
BRDA:51,3,1,4
BRDA:67,4,0,11
BRDA:67,4,1,11
BRDA:70,5,0,18
BRDA:70,5,1,11
BRDA:95,6,0,0
BRDA:95,6,1,0
BRDA:101,7,0,0
BRDA:101,7,1,0
BRF:14
BRH:8
end_of_record
TN:
SF:/Users/celer/Project/hopjs-all/hopjs-wf/lib/remote.js
FN:5,(anonymous_1)
FN:6,(anonymous_2)
FN:12,(anonymous_3)
FNF:3
FNH:3
FNDA:1,(anonymous_1)
FNDA:1,(anonymous_2)
FNDA:19,(anonymous_3)
DA:1,1
DA:2,1
DA:3,1
DA:5,1
DA:6,1
DA:7,1
DA:8,1
DA:12,1
DA:13,19
DA:14,19
LF:10
LH:10
BRF:0
BRH:0
end_of_record
